INFO - 2025-07-17 00:50:39 --> Session: Class initialized using 'CodeIgniter\Session\Handlers\FileHandler' driver.
DEBUG - 2025-07-17 00:50:40 --> 1
DEBUG - 2025-07-17 00:50:40 --> 1
INFO - 2025-07-17 00:52:30 --> Session: Class initialized using 'CodeIgniter\Session\Handlers\FileHandler' driver.
DEBUG - 2025-07-17 00:52:31 --> 1
DEBUG - 2025-07-17 00:52:31 --> 1
INFO - 2025-07-17 00:52:34 --> Session: Class initialized using 'CodeIgniter\Session\Handlers\FileHandler' driver.
DEBUG - 2025-07-17 00:52:35 --> 1
DEBUG - 2025-07-17 00:52:35 --> 1
INFO - 2025-07-17 00:53:12 --> Session: Class initialized using 'CodeIgniter\Session\Handlers\FileHandler' driver.
DEBUG - 2025-07-17 00:53:13 --> 1
DEBUG - 2025-07-17 00:53:13 --> 1
INFO - 2025-07-17 00:53:46 --> Session: Class initialized using 'CodeIgniter\Session\Handlers\FileHandler' driver.
INFO - 2025-07-17 00:53:46 --> Session: Class initialized using 'CodeIgniter\Session\Handlers\FileHandler' driver.
INFO - 2025-07-17 07:07:40 --> Session: Class initialized using 'CodeIgniter\Session\Handlers\FileHandler' driver.
INFO - 2025-07-17 07:07:45 --> Session: Class initialized using 'CodeIgniter\Session\Handlers\FileHandler' driver.
INFO - 2025-07-17 07:25:48 --> Session: Class initialized using 'CodeIgniter\Session\Handlers\FileHandler' driver.
INFO - 2025-07-17 07:25:48 --> abs
INFO - 2025-07-17 07:25:48 --> Session: Class initialized using 'CodeIgniter\Session\Handlers\FileHandler' driver.
INFO - 2025-07-17 07:26:20 --> Session: Class initialized using 'CodeIgniter\Session\Handlers\FileHandler' driver.
INFO - 2025-07-17 07:26:20 --> ABS
INFO - 2025-07-17 07:26:31 --> 19
INFO - 2025-07-17 07:26:31 --> Session: Class initialized using 'CodeIgniter\Session\Handlers\FileHandler' driver.
INFO - 2025-07-17 07:26:32 --> 81.2
INFO - 2025-07-17 07:27:18 --> Session: Class initialized using 'CodeIgniter\Session\Handlers\FileHandler' driver.
INFO - 2025-07-17 07:28:47 --> Session: Class initialized using 'CodeIgniter\Session\Handlers\FileHandler' driver.
INFO - 2025-07-17 07:30:32 --> Session: Class initialized using 'CodeIgniter\Session\Handlers\FileHandler' driver.
INFO - 2025-07-17 07:30:33 --> Session: Class initialized using 'CodeIgniter\Session\Handlers\FileHandler' driver.
INFO - 2025-07-17 07:30:33 --> KALSEL
INFO - 2025-07-17 07:33:19 --> Session: Class initialized using 'CodeIgniter\Session\Handlers\FileHandler' driver.
INFO - 2025-07-17 07:33:19 --> ABS
INFO - 2025-07-17 07:33:22 --> 19
INFO - 2025-07-17 07:33:22 --> Session: Class initialized using 'CodeIgniter\Session\Handlers\FileHandler' driver.
INFO - 2025-07-17 07:33:22 --> 81.2
INFO - 2025-07-17 07:39:34 --> 19
INFO - 2025-07-17 07:39:34 --> Session: Class initialized using 'CodeIgniter\Session\Handlers\FileHandler' driver.
INFO - 2025-07-17 07:39:35 --> 81.2
INFO - 2025-07-17 07:44:16 --> 19
INFO - 2025-07-17 07:44:16 --> Session: Class initialized using 'CodeIgniter\Session\Handlers\FileHandler' driver.
INFO - 2025-07-17 07:44:17 --> 81.2
INFO - 2025-07-17 07:51:29 --> 19
INFO - 2025-07-17 07:51:29 --> Session: Class initialized using 'CodeIgniter\Session\Handlers\FileHandler' driver.
INFO - 2025-07-17 07:51:29 --> 81.2
INFO - 2025-07-17 07:55:07 --> Session: Class initialized using 'CodeIgniter\Session\Handlers\FileHandler' driver.
INFO - 2025-07-17 07:55:31 --> Session: Class initialized using 'CodeIgniter\Session\Handlers\FileHandler' driver.
INFO - 2025-07-17 07:55:31 --> ABS
INFO - 2025-07-17 07:56:07 --> 19
INFO - 2025-07-17 07:56:07 --> Session: Class initialized using 'CodeIgniter\Session\Handlers\FileHandler' driver.
INFO - 2025-07-17 07:56:07 --> 81.2
INFO - 2025-07-17 13:30:55 --> Session: Class initialized using 'CodeIgniter\Session\Handlers\FileHandler' driver.
INFO - 2025-07-17 13:30:55 --> Session: Class initialized using 'CodeIgniter\Session\Handlers\FileHandler' driver.
INFO - 2025-07-17 13:32:02 --> Session: Class initialized using 'CodeIgniter\Session\Handlers\FileHandler' driver.
INFO - 2025-07-17 13:32:02 --> abs
INFO - 2025-07-17 13:32:02 --> Session: Class initialized using 'CodeIgniter\Session\Handlers\FileHandler' driver.
INFO - 2025-07-17 13:32:10 --> Session: Class initialized using 'CodeIgniter\Session\Handlers\FileHandler' driver.
DEBUG - 2025-07-17 13:32:10 --> 1
DEBUG - 2025-07-17 13:32:10 --> 1
INFO - 2025-07-17 13:33:28 --> Session: Class initialized using 'CodeIgniter\Session\Handlers\FileHandler' driver.
INFO - 2025-07-17 13:33:28 --> Session: Class initialized using 'CodeIgniter\Session\Handlers\FileHandler' driver.
INFO - 2025-07-17 13:46:42 --> Session: Class initialized using 'CodeIgniter\Session\Handlers\FileHandler' driver.
INFO - 2025-07-17 13:46:42 --> Session: Class initialized using 'CodeIgniter\Session\Handlers\FileHandler' driver.
INFO - 2025-07-17 13:51:51 --> Session: Class initialized using 'CodeIgniter\Session\Handlers\FileHandler' driver.
INFO - 2025-07-17 13:51:51 --> superadmin
INFO - 2025-07-17 13:51:55 --> Session: Class initialized using 'CodeIgniter\Session\Handlers\FileHandler' driver.
INFO - 2025-07-17 13:51:59 --> Session: Class initialized using 'CodeIgniter\Session\Handlers\FileHandler' driver.
INFO - 2025-07-17 13:51:59 --> Array
(
    [{"dinKode":"KALSEL","dinProvinsi":"Kalimantan Selatan"}] => Kalimantan Selatan
    [{"dinKode":"KALUT","dinProvinsi":"Kalimantan Utara"}] => Kalimantan Utara
    [{"dinKode":"KALBAR","dinProvinsi":"Kalimantan Barat"}] => Kalimantan Barat
    [{"dinKode":"KALTIM","dinProvinsi":"Kalimantan Timur"}] => Kalimantan Timur
    [{"dinKode":"KALTENG","dinProvinsi":"Kalimantan Tengah"}] => Kalimantan Tengah
)

INFO - 2025-07-17 13:52:40 --> Session: Class initialized using 'CodeIgniter\Session\Handlers\FileHandler' driver.
INFO - 2025-07-17 13:52:40 --> Array
(
    [{"dinKode":"KALSEL","dinProvinsi":"Kalimantan Selatan"}] => Kalimantan Selatan
    [{"dinKode":"KALUT","dinProvinsi":"Kalimantan Utara"}] => Kalimantan Utara
    [{"dinKode":"KALBAR","dinProvinsi":"Kalimantan Barat"}] => Kalimantan Barat
    [{"dinKode":"KALTIM","dinProvinsi":"Kalimantan Timur"}] => Kalimantan Timur
    [{"dinKode":"KALTENG","dinProvinsi":"Kalimantan Tengah"}] => Kalimantan Tengah
)

INFO - 2025-07-17 13:52:49 --> Session: Class initialized using 'CodeIgniter\Session\Handlers\FileHandler' driver.
INFO - 2025-07-17 13:52:49 --> Array
(
    [{"dinKode":"KALSEL","dinProvinsi":"Kalimantan Selatan"}] => Kalimantan Selatan
    [{"dinKode":"KALUT","dinProvinsi":"Kalimantan Utara"}] => Kalimantan Utara
    [{"dinKode":"KALBAR","dinProvinsi":"Kalimantan Barat"}] => Kalimantan Barat
    [{"dinKode":"KALTIM","dinProvinsi":"Kalimantan Timur"}] => Kalimantan Timur
    [{"dinKode":"KALTENG","dinProvinsi":"Kalimantan Tengah"}] => Kalimantan Tengah
)

INFO - 2025-07-17 13:53:16 --> Session: Class initialized using 'CodeIgniter\Session\Handlers\FileHandler' driver.
INFO - 2025-07-17 13:53:16 --> Array
(
    [{"dinKode":"KALSEL","dinProvinsi":"Kalimantan Selatan"}] => Kalimantan Selatan
    [{"dinKode":"KALUT","dinProvinsi":"Kalimantan Utara"}] => Kalimantan Utara
    [{"dinKode":"KALBAR","dinProvinsi":"Kalimantan Barat"}] => Kalimantan Barat
    [{"dinKode":"KALTIM","dinProvinsi":"Kalimantan Timur"}] => Kalimantan Timur
    [{"dinKode":"KALTENG","dinProvinsi":"Kalimantan Tengah"}] => Kalimantan Tengah
)

