INFO - 2025-03-19 04:17:49 --> Session: Class initialized using 'CodeIgniter\Session\Handlers\FileHandler' driver.
INFO - 2025-03-19 04:17:49 --> Session: Class initialized using 'CodeIgniter\Session\Handlers\FileHandler' driver.
INFO - 2025-03-19 04:17:59 --> Session: Class initialized using 'CodeIgniter\Session\Handlers\FileHandler' driver.
INFO - 2025-03-19 04:17:59 --> Session: Class initialized using 'CodeIgniter\Session\Handlers\FileHandler' driver.
INFO - 2025-03-19 04:18:06 --> Session: Class initialized using 'CodeIgniter\Session\Handlers\FileHandler' driver.
INFO - 2025-03-19 04:18:06 --> Session: Class initialized using 'CodeIgniter\Session\Handlers\FileHandler' driver.
INFO - 2025-03-19 04:18:22 --> Session: Class initialized using 'CodeIgniter\Session\Handlers\FileHandler' driver.
INFO - 2025-03-19 04:22:37 --> Session: Class initialized using 'CodeIgniter\Session\Handlers\FileHandler' driver.
INFO - 2025-03-19 04:29:18 --> Session: Class initialized using 'CodeIgniter\Session\Handlers\FileHandler' driver.
CRITICAL - 2025-03-19 04:31:59 --> ErrorException: A non-numeric value encountered
[Method: POST, Route: pks/pelaporan/rekap]
in APPPATH\Controllers\pks\Pelaporan.php on line 170.
 1 APPPATH\Controllers\pks\Pelaporan.php(170): CodeIgniter\Debug\Exceptions->errorHandler(2, 'A non-numeric value encountered', 'D:\\Apps\\Xampp\\htdocs\\ksmard\\app\\Controllers\\pks\\Pelaporan.php', 170)
 2 SYSTEMPATH\CodeIgniter.php(933): App\Controllers\Pks\Pelaporan->rekap()
 3 SYSTEMPATH\CodeIgniter.php(509): CodeIgniter\CodeIgniter->runController(Object(App\Controllers\Pks\Pelaporan))
 4 SYSTEMPATH\CodeIgniter.php(355): CodeIgniter\CodeIgniter->handleRequest(null, Object(Config\Cache), false)
 5 SYSTEMPATH\Boot.php(325): CodeIgniter\CodeIgniter->run()
 6 SYSTEMPATH\Boot.php(67): CodeIgniter\Boot::runCodeIgniter(Object(CodeIgniter\CodeIgniter))
 7 FCPATH\index.php(56): CodeIgniter\Boot::bootWeb(Object(Config\Paths))
CRITICAL - 2025-03-19 04:32:01 --> ErrorException: A non-numeric value encountered
[Method: POST, Route: pks/pelaporan/rekap]
in APPPATH\Controllers\pks\Pelaporan.php on line 170.
 1 APPPATH\Controllers\pks\Pelaporan.php(170): CodeIgniter\Debug\Exceptions->errorHandler(2, 'A non-numeric value encountered', 'D:\\Apps\\Xampp\\htdocs\\ksmard\\app\\Controllers\\pks\\Pelaporan.php', 170)
 2 SYSTEMPATH\CodeIgniter.php(933): App\Controllers\Pks\Pelaporan->rekap()
 3 SYSTEMPATH\CodeIgniter.php(509): CodeIgniter\CodeIgniter->runController(Object(App\Controllers\Pks\Pelaporan))
 4 SYSTEMPATH\CodeIgniter.php(355): CodeIgniter\CodeIgniter->handleRequest(null, Object(Config\Cache), false)
 5 SYSTEMPATH\Boot.php(325): CodeIgniter\CodeIgniter->run()
 6 SYSTEMPATH\Boot.php(67): CodeIgniter\Boot::runCodeIgniter(Object(CodeIgniter\CodeIgniter))
 7 FCPATH\index.php(56): CodeIgniter\Boot::bootWeb(Object(Config\Paths))
INFO - 2025-03-19 04:36:54 --> Session: Class initialized using 'CodeIgniter\Session\Handlers\FileHandler' driver.
CRITICAL - 2025-03-19 04:58:58 --> ErrorException: Undefined variable $inti_rendemen_persen00
[Method: POST, Route: pks/pelaporan/rekap]
in APPPATH\Controllers\pks\Pelaporan.php on line 173.
 1 APPPATH\Controllers\pks\Pelaporan.php(173): CodeIgniter\Debug\Exceptions->errorHandler(2, 'Undefined variable $inti_rendemen_persen00', 'D:\\Apps\\Xampp\\htdocs\\ksmard\\app\\Controllers\\pks\\Pelaporan.php', 173)
 2 SYSTEMPATH\CodeIgniter.php(933): App\Controllers\Pks\Pelaporan->rekap()
 3 SYSTEMPATH\CodeIgniter.php(509): CodeIgniter\CodeIgniter->runController(Object(App\Controllers\Pks\Pelaporan))
 4 SYSTEMPATH\CodeIgniter.php(355): CodeIgniter\CodeIgniter->handleRequest(null, Object(Config\Cache), false)
 5 SYSTEMPATH\Boot.php(325): CodeIgniter\CodeIgniter->run()
 6 SYSTEMPATH\Boot.php(67): CodeIgniter\Boot::runCodeIgniter(Object(CodeIgniter\CodeIgniter))
 7 FCPATH\index.php(56): CodeIgniter\Boot::bootWeb(Object(Config\Paths))
CRITICAL - 2025-03-19 04:59:50 --> ErrorException: Undefined variable $inti_rendemen_persen00
[Method: POST, Route: pks/pelaporan/rekap]
in APPPATH\Controllers\pks\Pelaporan.php on line 173.
 1 APPPATH\Controllers\pks\Pelaporan.php(173): CodeIgniter\Debug\Exceptions->errorHandler(2, 'Undefined variable $inti_rendemen_persen00', 'D:\\Apps\\Xampp\\htdocs\\ksmard\\app\\Controllers\\pks\\Pelaporan.php', 173)
 2 SYSTEMPATH\CodeIgniter.php(933): App\Controllers\Pks\Pelaporan->rekap()
 3 SYSTEMPATH\CodeIgniter.php(509): CodeIgniter\CodeIgniter->runController(Object(App\Controllers\Pks\Pelaporan))
 4 SYSTEMPATH\CodeIgniter.php(355): CodeIgniter\CodeIgniter->handleRequest(null, Object(Config\Cache), false)
 5 SYSTEMPATH\Boot.php(325): CodeIgniter\CodeIgniter->run()
 6 SYSTEMPATH\Boot.php(67): CodeIgniter\Boot::runCodeIgniter(Object(CodeIgniter\CodeIgniter))
 7 FCPATH\index.php(56): CodeIgniter\Boot::bootWeb(Object(Config\Paths))
CRITICAL - 2025-03-19 05:00:28 --> ErrorException: Undefined variable $inti_rendemen_persen00
[Method: POST, Route: pks/pelaporan/rekap]
in APPPATH\Controllers\pks\Pelaporan.php on line 173.
 1 APPPATH\Controllers\pks\Pelaporan.php(173): CodeIgniter\Debug\Exceptions->errorHandler(2, 'Undefined variable $inti_rendemen_persen00', 'D:\\Apps\\Xampp\\htdocs\\ksmard\\app\\Controllers\\pks\\Pelaporan.php', 173)
 2 SYSTEMPATH\CodeIgniter.php(933): App\Controllers\Pks\Pelaporan->rekap()
 3 SYSTEMPATH\CodeIgniter.php(509): CodeIgniter\CodeIgniter->runController(Object(App\Controllers\Pks\Pelaporan))
 4 SYSTEMPATH\CodeIgniter.php(355): CodeIgniter\CodeIgniter->handleRequest(null, Object(Config\Cache), false)
 5 SYSTEMPATH\Boot.php(325): CodeIgniter\CodeIgniter->run()
 6 SYSTEMPATH\Boot.php(67): CodeIgniter\Boot::runCodeIgniter(Object(CodeIgniter\CodeIgniter))
 7 FCPATH\index.php(56): CodeIgniter\Boot::bootWeb(Object(Config\Paths))
CRITICAL - 2025-03-19 05:04:31 --> ErrorException: Undefined variable $number_format
[Method: POST, Route: pks/pelaporan/rekap]
in APPPATH\Controllers\pks\Pelaporan.php on line 176.
 1 APPPATH\Controllers\pks\Pelaporan.php(176): CodeIgniter\Debug\Exceptions->errorHandler(2, 'Undefined variable $number_format', 'D:\\Apps\\Xampp\\htdocs\\ksmard\\app\\Controllers\\pks\\Pelaporan.php', 176)
 2 SYSTEMPATH\CodeIgniter.php(933): App\Controllers\Pks\Pelaporan->rekap()
 3 SYSTEMPATH\CodeIgniter.php(509): CodeIgniter\CodeIgniter->runController(Object(App\Controllers\Pks\Pelaporan))
 4 SYSTEMPATH\CodeIgniter.php(355): CodeIgniter\CodeIgniter->handleRequest(null, Object(Config\Cache), false)
 5 SYSTEMPATH\Boot.php(325): CodeIgniter\CodeIgniter->run()
 6 SYSTEMPATH\Boot.php(67): CodeIgniter\Boot::runCodeIgniter(Object(CodeIgniter\CodeIgniter))
 7 FCPATH\index.php(56): CodeIgniter\Boot::bootWeb(Object(Config\Paths))
INFO - 2025-03-19 05:06:02 --> Session: Class initialized using 'CodeIgniter\Session\Handlers\FileHandler' driver.
INFO - 2025-03-19 05:09:16 --> Session: Class initialized using 'CodeIgniter\Session\Handlers\FileHandler' driver.
INFO - 2025-03-19 05:11:08 --> Session: Class initialized using 'CodeIgniter\Session\Handlers\FileHandler' driver.
INFO - 2025-03-19 05:11:27 --> Session: Class initialized using 'CodeIgniter\Session\Handlers\FileHandler' driver.
INFO - 2025-03-19 05:12:04 --> Session: Class initialized using 'CodeIgniter\Session\Handlers\FileHandler' driver.
INFO - 2025-03-19 05:13:05 --> Session: Class initialized using 'CodeIgniter\Session\Handlers\FileHandler' driver.
INFO - 2025-03-19 05:34:04 --> Session: Class initialized using 'CodeIgniter\Session\Handlers\FileHandler' driver.
CRITICAL - 2025-03-19 05:34:07 --> ErrorException: Undefined variable $penjualan
[Method: POST, Route: pks/pelaporan/rekap]
in APPPATH\Controllers\pks\Pelaporan.php on line 182.
 1 APPPATH\Controllers\pks\Pelaporan.php(182): CodeIgniter\Debug\Exceptions->errorHandler(2, 'Undefined variable $penjualan', 'D:\\Apps\\Xampp\\htdocs\\ksmard\\app\\Controllers\\pks\\Pelaporan.php', 182)
 2 SYSTEMPATH\CodeIgniter.php(933): App\Controllers\Pks\Pelaporan->rekap()
 3 SYSTEMPATH\CodeIgniter.php(509): CodeIgniter\CodeIgniter->runController(Object(App\Controllers\Pks\Pelaporan))
 4 SYSTEMPATH\CodeIgniter.php(355): CodeIgniter\CodeIgniter->handleRequest(null, Object(Config\Cache), false)
 5 SYSTEMPATH\Boot.php(325): CodeIgniter\CodeIgniter->run()
 6 SYSTEMPATH\Boot.php(67): CodeIgniter\Boot::runCodeIgniter(Object(CodeIgniter\CodeIgniter))
 7 FCPATH\index.php(56): CodeIgniter\Boot::bootWeb(Object(Config\Paths))
CRITICAL - 2025-03-19 05:34:19 --> ErrorException: Undefined variable $penjualan
[Method: POST, Route: pks/pelaporan/rekap]
in APPPATH\Controllers\pks\Pelaporan.php on line 182.
 1 APPPATH\Controllers\pks\Pelaporan.php(182): CodeIgniter\Debug\Exceptions->errorHandler(2, 'Undefined variable $penjualan', 'D:\\Apps\\Xampp\\htdocs\\ksmard\\app\\Controllers\\pks\\Pelaporan.php', 182)
 2 SYSTEMPATH\CodeIgniter.php(933): App\Controllers\Pks\Pelaporan->rekap()
 3 SYSTEMPATH\CodeIgniter.php(509): CodeIgniter\CodeIgniter->runController(Object(App\Controllers\Pks\Pelaporan))
 4 SYSTEMPATH\CodeIgniter.php(355): CodeIgniter\CodeIgniter->handleRequest(null, Object(Config\Cache), false)
 5 SYSTEMPATH\Boot.php(325): CodeIgniter\CodeIgniter->run()
 6 SYSTEMPATH\Boot.php(67): CodeIgniter\Boot::runCodeIgniter(Object(CodeIgniter\CodeIgniter))
 7 FCPATH\index.php(56): CodeIgniter\Boot::bootWeb(Object(Config\Paths))
CRITICAL - 2025-03-19 05:34:48 --> Error: Cannot use object of type App\Models\Pks\Penjualan_m as array
[Method: POST, Route: pks/pelaporan/rekap]
in APPPATH\Controllers\pks\Pelaporan.php on line 182.
 1 SYSTEMPATH\CodeIgniter.php(933): App\Controllers\Pks\Pelaporan->rekap()
 2 SYSTEMPATH\CodeIgniter.php(509): CodeIgniter\CodeIgniter->runController(Object(App\Controllers\Pks\Pelaporan))
 3 SYSTEMPATH\CodeIgniter.php(355): CodeIgniter\CodeIgniter->handleRequest(null, Object(Config\Cache), false)
 4 SYSTEMPATH\Boot.php(325): CodeIgniter\CodeIgniter->run()
 5 SYSTEMPATH\Boot.php(67): CodeIgniter\Boot::runCodeIgniter(Object(CodeIgniter\CodeIgniter))
 6 FCPATH\index.php(56): CodeIgniter\Boot::bootWeb(Object(Config\Paths))
CRITICAL - 2025-03-19 05:38:26 --> Error: Cannot use object of type App\Models\Pks\ProduksiHasil_m as array
[Method: POST, Route: pks/pelaporan/rekap]
in APPPATH\Controllers\pks\Pelaporan.php on line 182.
 1 SYSTEMPATH\CodeIgniter.php(933): App\Controllers\Pks\Pelaporan->rekap()
 2 SYSTEMPATH\CodeIgniter.php(509): CodeIgniter\CodeIgniter->runController(Object(App\Controllers\Pks\Pelaporan))
 3 SYSTEMPATH\CodeIgniter.php(355): CodeIgniter\CodeIgniter->handleRequest(null, Object(Config\Cache), false)
 4 SYSTEMPATH\Boot.php(325): CodeIgniter\CodeIgniter->run()
 5 SYSTEMPATH\Boot.php(67): CodeIgniter\Boot::runCodeIgniter(Object(CodeIgniter\CodeIgniter))
 6 FCPATH\index.php(56): CodeIgniter\Boot::bootWeb(Object(Config\Paths))
INFO - 2025-03-19 05:39:57 --> Session: Class initialized using 'CodeIgniter\Session\Handlers\FileHandler' driver.
INFO - 2025-03-19 05:40:16 --> Session: Class initialized using 'CodeIgniter\Session\Handlers\FileHandler' driver.
INFO - 2025-03-19 05:41:09 --> Session: Class initialized using 'CodeIgniter\Session\Handlers\FileHandler' driver.
INFO - 2025-03-19 05:41:24 --> Session: Class initialized using 'CodeIgniter\Session\Handlers\FileHandler' driver.
INFO - 2025-03-19 05:41:27 --> Session: Class initialized using 'CodeIgniter\Session\Handlers\FileHandler' driver.
INFO - 2025-03-19 05:45:26 --> Session: Class initialized using 'CodeIgniter\Session\Handlers\FileHandler' driver.
INFO - 2025-03-19 05:45:40 --> Session: Class initialized using 'CodeIgniter\Session\Handlers\FileHandler' driver.
INFO - 2025-03-19 05:46:09 --> Session: Class initialized using 'CodeIgniter\Session\Handlers\FileHandler' driver.
INFO - 2025-03-19 05:46:11 --> Session: Class initialized using 'CodeIgniter\Session\Handlers\FileHandler' driver.
INFO - 2025-03-19 05:46:42 --> Session: Class initialized using 'CodeIgniter\Session\Handlers\FileHandler' driver.
INFO - 2025-03-19 05:46:55 --> Session: Class initialized using 'CodeIgniter\Session\Handlers\FileHandler' driver.
INFO - 2025-03-19 05:48:14 --> Session: Class initialized using 'CodeIgniter\Session\Handlers\FileHandler' driver.
INFO - 2025-03-19 05:48:37 --> Session: Class initialized using 'CodeIgniter\Session\Handlers\FileHandler' driver.
INFO - 2025-03-19 05:49:41 --> Session: Class initialized using 'CodeIgniter\Session\Handlers\FileHandler' driver.
INFO - 2025-03-19 05:53:17 --> Session: Class initialized using 'CodeIgniter\Session\Handlers\FileHandler' driver.
INFO - 2025-03-19 05:54:44 --> Session: Class initialized using 'CodeIgniter\Session\Handlers\FileHandler' driver.
INFO - 2025-03-19 05:55:17 --> Session: Class initialized using 'CodeIgniter\Session\Handlers\FileHandler' driver.
INFO - 2025-03-19 05:57:29 --> Session: Class initialized using 'CodeIgniter\Session\Handlers\FileHandler' driver.
INFO - 2025-03-19 06:29:22 --> Session: Class initialized using 'CodeIgniter\Session\Handlers\FileHandler' driver.
INFO - 2025-03-19 06:29:47 --> Session: Class initialized using 'CodeIgniter\Session\Handlers\FileHandler' driver.
INFO - 2025-03-19 06:29:52 --> Session: Class initialized using 'CodeIgniter\Session\Handlers\FileHandler' driver.
CRITICAL - 2025-03-19 06:30:03 --> DivisionByZeroError: Division by zero
[Method: POST, Route: pks/pelaporan/rekap]
in APPPATH\Controllers\pks\Pelaporan.php on line 160.
 1 SYSTEMPATH\CodeIgniter.php(933): App\Controllers\Pks\Pelaporan->rekap()
 2 SYSTEMPATH\CodeIgniter.php(509): CodeIgniter\CodeIgniter->runController(Object(App\Controllers\Pks\Pelaporan))
 3 SYSTEMPATH\CodeIgniter.php(355): CodeIgniter\CodeIgniter->handleRequest(null, Object(Config\Cache), false)
 4 SYSTEMPATH\Boot.php(325): CodeIgniter\CodeIgniter->run()
 5 SYSTEMPATH\Boot.php(67): CodeIgniter\Boot::runCodeIgniter(Object(CodeIgniter\CodeIgniter))
 6 FCPATH\index.php(56): CodeIgniter\Boot::bootWeb(Object(Config\Paths))
INFO - 2025-03-19 06:30:26 --> Session: Class initialized using 'CodeIgniter\Session\Handlers\FileHandler' driver.
INFO - 2025-03-19 06:30:55 --> Session: Class initialized using 'CodeIgniter\Session\Handlers\FileHandler' driver.
INFO - 2025-03-19 06:38:46 --> Session: Class initialized using 'CodeIgniter\Session\Handlers\FileHandler' driver.
INFO - 2025-03-19 07:00:28 --> Session: Class initialized using 'CodeIgniter\Session\Handlers\FileHandler' driver.
INFO - 2025-03-19 07:00:32 --> Session: Class initialized using 'CodeIgniter\Session\Handlers\FileHandler' driver.
CRITICAL - 2025-03-19 07:00:32 --> ErrorException: Undefined variable $kategoriPengolahan
[Method: GET, Route: pks/pengolahan]
in APPPATH\Views\pks\pengolahan\index.php on line 129.
 1 APPPATH\Views\pks\pengolahan\index.php(129): CodeIgniter\Debug\Exceptions->errorHandler(2, 'Undefined variable $kategoriPengolahan', 'D:\\Apps\\Xampp\\htdocs\\ksmard\\app\\Views\\pks\\pengolahan\\index.php', 129)
 2 SYSTEMPATH\View\View.php(234): include('D:\\Apps\\Xampp\\htdocs\\ksmard\\app\\Views\\pks\\pengolahan\\index.php')
 3 SYSTEMPATH\View\View.php(237): CodeIgniter\View\View->CodeIgniter\View\{closure}()
 4 SYSTEMPATH\Common.php(1171): CodeIgniter\View\View->render('pks/pengolahan/index', [], true)
 5 APPPATH\Controllers\pks\Pengolahan.php(39): view('pks/pengolahan/index', [...])
 6 SYSTEMPATH\CodeIgniter.php(933): App\Controllers\Pks\Pengolahan->index()
 7 SYSTEMPATH\CodeIgniter.php(509): CodeIgniter\CodeIgniter->runController(Object(App\Controllers\Pks\Pengolahan))
 8 SYSTEMPATH\CodeIgniter.php(355): CodeIgniter\CodeIgniter->handleRequest(null, Object(Config\Cache), false)
 9 SYSTEMPATH\Boot.php(325): CodeIgniter\CodeIgniter->run()
10 SYSTEMPATH\Boot.php(67): CodeIgniter\Boot::runCodeIgniter(Object(CodeIgniter\CodeIgniter))
11 FCPATH\index.php(56): CodeIgniter\Boot::bootWeb(Object(Config\Paths))
INFO - 2025-03-19 07:00:55 --> Session: Class initialized using 'CodeIgniter\Session\Handlers\FileHandler' driver.
INFO - 2025-03-19 07:01:29 --> Session: Class initialized using 'CodeIgniter\Session\Handlers\FileHandler' driver.
INFO - 2025-03-19 07:03:15 --> Session: Class initialized using 'CodeIgniter\Session\Handlers\FileHandler' driver.
INFO - 2025-03-19 07:03:34 --> Session: Class initialized using 'CodeIgniter\Session\Handlers\FileHandler' driver.
INFO - 2025-03-19 07:15:27 --> Session: Class initialized using 'CodeIgniter\Session\Handlers\FileHandler' driver.
INFO - 2025-03-19 07:16:53 --> Session: Class initialized using 'CodeIgniter\Session\Handlers\FileHandler' driver.
INFO - 2025-03-19 07:17:46 --> Session: Class initialized using 'CodeIgniter\Session\Handlers\FileHandler' driver.
INFO - 2025-03-19 07:17:59 --> Session: Class initialized using 'CodeIgniter\Session\Handlers\FileHandler' driver.
INFO - 2025-03-19 07:18:11 --> Session: Class initialized using 'CodeIgniter\Session\Handlers\FileHandler' driver.
INFO - 2025-03-19 07:20:20 --> Session: Class initialized using 'CodeIgniter\Session\Handlers\FileHandler' driver.
INFO - 2025-03-19 07:24:48 --> Session: Class initialized using 'CodeIgniter\Session\Handlers\FileHandler' driver.
INFO - 2025-03-19 07:26:43 --> Session: Class initialized using 'CodeIgniter\Session\Handlers\FileHandler' driver.
INFO - 2025-03-19 07:55:16 --> Session: Class initialized using 'CodeIgniter\Session\Handlers\FileHandler' driver.
INFO - 2025-03-19 08:05:37 --> Session: Class initialized using 'CodeIgniter\Session\Handlers\FileHandler' driver.
INFO - 2025-03-19 08:06:02 --> Session: Class initialized using 'CodeIgniter\Session\Handlers\FileHandler' driver.
INFO - 2025-03-19 08:06:25 --> Session: Class initialized using 'CodeIgniter\Session\Handlers\FileHandler' driver.
INFO - 2025-03-19 08:06:44 --> Session: Class initialized using 'CodeIgniter\Session\Handlers\FileHandler' driver.
INFO - 2025-03-19 08:06:50 --> Session: Class initialized using 'CodeIgniter\Session\Handlers\FileHandler' driver.
INFO - 2025-03-19 08:06:56 --> Session: Class initialized using 'CodeIgniter\Session\Handlers\FileHandler' driver.
INFO - 2025-03-19 08:06:59 --> Session: Class initialized using 'CodeIgniter\Session\Handlers\FileHandler' driver.
INFO - 2025-03-19 08:07:04 --> Session: Class initialized using 'CodeIgniter\Session\Handlers\FileHandler' driver.
INFO - 2025-03-19 08:21:50 --> Session: Class initialized using 'CodeIgniter\Session\Handlers\FileHandler' driver.
INFO - 2025-03-19 08:22:21 --> Session: Class initialized using 'CodeIgniter\Session\Handlers\FileHandler' driver.
INFO - 2025-03-19 08:22:24 --> Session: Class initialized using 'CodeIgniter\Session\Handlers\FileHandler' driver.
INFO - 2025-03-19 08:22:25 --> Session: Class initialized using 'CodeIgniter\Session\Handlers\FileHandler' driver.
CRITICAL - 2025-03-19 08:22:25 --> ErrorException: Undefined variable $kategoripenyusutan
[Method: GET, Route: pks/penyusutan]
in APPPATH\Views\pks\penyusutan\index.php on line 128.
 1 APPPATH\Views\pks\penyusutan\index.php(128): CodeIgniter\Debug\Exceptions->errorHandler(2, 'Undefined variable $kategoripenyusutan', 'D:\\Apps\\Xampp\\htdocs\\ksmard\\app\\Views\\pks\\penyusutan\\index.php', 128)
 2 SYSTEMPATH\View\View.php(234): include('D:\\Apps\\Xampp\\htdocs\\ksmard\\app\\Views\\pks\\penyusutan\\index.php')
 3 SYSTEMPATH\View\View.php(237): CodeIgniter\View\View->CodeIgniter\View\{closure}()
 4 SYSTEMPATH\Common.php(1171): CodeIgniter\View\View->render('pks/penyusutan/index', [], true)
 5 APPPATH\Controllers\pks\Penyusutan.php(39): view('pks/penyusutan/index', [...])
 6 SYSTEMPATH\CodeIgniter.php(933): App\Controllers\Pks\Penyusutan->index()
 7 SYSTEMPATH\CodeIgniter.php(509): CodeIgniter\CodeIgniter->runController(Object(App\Controllers\Pks\Penyusutan))
 8 SYSTEMPATH\CodeIgniter.php(355): CodeIgniter\CodeIgniter->handleRequest(null, Object(Config\Cache), false)
 9 SYSTEMPATH\Boot.php(325): CodeIgniter\CodeIgniter->run()
10 SYSTEMPATH\Boot.php(67): CodeIgniter\Boot::runCodeIgniter(Object(CodeIgniter\CodeIgniter))
11 FCPATH\index.php(56): CodeIgniter\Boot::bootWeb(Object(Config\Paths))
INFO - 2025-03-19 08:23:28 --> Session: Class initialized using 'CodeIgniter\Session\Handlers\FileHandler' driver.
INFO - 2025-03-19 08:26:43 --> Session: Class initialized using 'CodeIgniter\Session\Handlers\FileHandler' driver.
INFO - 2025-03-19 08:26:44 --> Session: Class initialized using 'CodeIgniter\Session\Handlers\FileHandler' driver.
CRITICAL - 2025-03-19 08:26:46 --> ErrorException: Undefined array key "total_penyustan"
[Method: POST, Route: pks/pelaporan/rekap]
in APPPATH\Controllers\pks\Pelaporan.php on line 211.
 1 APPPATH\Controllers\pks\Pelaporan.php(211): CodeIgniter\Debug\Exceptions->errorHandler(2, 'Undefined array key "total_penyustan"', 'D:\\Apps\\Xampp\\htdocs\\ksmard\\app\\Controllers\\pks\\Pelaporan.php', 211)
 2 SYSTEMPATH\CodeIgniter.php(933): App\Controllers\Pks\Pelaporan->rekap()
 3 SYSTEMPATH\CodeIgniter.php(509): CodeIgniter\CodeIgniter->runController(Object(App\Controllers\Pks\Pelaporan))
 4 SYSTEMPATH\CodeIgniter.php(355): CodeIgniter\CodeIgniter->handleRequest(null, Object(Config\Cache), false)
 5 SYSTEMPATH\Boot.php(325): CodeIgniter\CodeIgniter->run()
 6 SYSTEMPATH\Boot.php(67): CodeIgniter\Boot::runCodeIgniter(Object(CodeIgniter\CodeIgniter))
 7 FCPATH\index.php(56): CodeIgniter\Boot::bootWeb(Object(Config\Paths))
INFO - 2025-03-19 08:26:54 --> Session: Class initialized using 'CodeIgniter\Session\Handlers\FileHandler' driver.
CRITICAL - 2025-03-19 08:26:58 --> ErrorException: Undefined array key "total_penyustan"
[Method: POST, Route: pks/pelaporan/rekap]
in APPPATH\Controllers\pks\Pelaporan.php on line 211.
 1 APPPATH\Controllers\pks\Pelaporan.php(211): CodeIgniter\Debug\Exceptions->errorHandler(2, 'Undefined array key "total_penyustan"', 'D:\\Apps\\Xampp\\htdocs\\ksmard\\app\\Controllers\\pks\\Pelaporan.php', 211)
 2 SYSTEMPATH\CodeIgniter.php(933): App\Controllers\Pks\Pelaporan->rekap()
 3 SYSTEMPATH\CodeIgniter.php(509): CodeIgniter\CodeIgniter->runController(Object(App\Controllers\Pks\Pelaporan))
 4 SYSTEMPATH\CodeIgniter.php(355): CodeIgniter\CodeIgniter->handleRequest(null, Object(Config\Cache), false)
 5 SYSTEMPATH\Boot.php(325): CodeIgniter\CodeIgniter->run()
 6 SYSTEMPATH\Boot.php(67): CodeIgniter\Boot::runCodeIgniter(Object(CodeIgniter\CodeIgniter))
 7 FCPATH\index.php(56): CodeIgniter\Boot::bootWeb(Object(Config\Paths))
CRITICAL - 2025-03-19 08:28:09 --> ErrorException: Undefined array key "penyusutan"
[Method: POST, Route: pks/pelaporan/rekap]
in APPPATH\Controllers\pks\Pelaporan.php on line 211.
 1 APPPATH\Controllers\pks\Pelaporan.php(211): CodeIgniter\Debug\Exceptions->errorHandler(2, 'Undefined array key "penyusutan"', 'D:\\Apps\\Xampp\\htdocs\\ksmard\\app\\Controllers\\pks\\Pelaporan.php', 211)
 2 SYSTEMPATH\CodeIgniter.php(933): App\Controllers\Pks\Pelaporan->rekap()
 3 SYSTEMPATH\CodeIgniter.php(509): CodeIgniter\CodeIgniter->runController(Object(App\Controllers\Pks\Pelaporan))
 4 SYSTEMPATH\CodeIgniter.php(355): CodeIgniter\CodeIgniter->handleRequest(null, Object(Config\Cache), false)
 5 SYSTEMPATH\Boot.php(325): CodeIgniter\CodeIgniter->run()
 6 SYSTEMPATH\Boot.php(67): CodeIgniter\Boot::runCodeIgniter(Object(CodeIgniter\CodeIgniter))
 7 FCPATH\index.php(56): CodeIgniter\Boot::bootWeb(Object(Config\Paths))
INFO - 2025-03-19 08:32:54 --> Session: Class initialized using 'CodeIgniter\Session\Handlers\FileHandler' driver.
INFO - 2025-03-19 09:04:40 --> Session: Class initialized using 'CodeIgniter\Session\Handlers\FileHandler' driver.
INFO - 2025-03-19 09:04:42 --> Session: Class initialized using 'CodeIgniter\Session\Handlers\FileHandler' driver.
INFO - 2025-03-19 09:04:43 --> Session: Class initialized using 'CodeIgniter\Session\Handlers\FileHandler' driver.
INFO - 2025-03-19 09:04:44 --> Session: Class initialized using 'CodeIgniter\Session\Handlers\FileHandler' driver.
INFO - 2025-03-19 09:04:46 --> Session: Class initialized using 'CodeIgniter\Session\Handlers\FileHandler' driver.
INFO - 2025-03-19 09:04:47 --> Session: Class initialized using 'CodeIgniter\Session\Handlers\FileHandler' driver.
INFO - 2025-03-19 09:06:53 --> Session: Class initialized using 'CodeIgniter\Session\Handlers\FileHandler' driver.
INFO - 2025-03-19 12:40:55 --> Session: Class initialized using 'CodeIgniter\Session\Handlers\FileHandler' driver.
INFO - 2025-03-19 12:40:56 --> Session: Class initialized using 'CodeIgniter\Session\Handlers\FileHandler' driver.
INFO - 2025-03-19 12:41:02 --> Session: Class initialized using 'CodeIgniter\Session\Handlers\FileHandler' driver.
INFO - 2025-03-19 12:41:02 --> Session: Class initialized using 'CodeIgniter\Session\Handlers\FileHandler' driver.
INFO - 2025-03-19 12:41:11 --> Session: Class initialized using 'CodeIgniter\Session\Handlers\FileHandler' driver.
INFO - 2025-03-19 12:41:13 --> Session: Class initialized using 'CodeIgniter\Session\Handlers\FileHandler' driver.
INFO - 2025-03-19 12:41:15 --> Session: Class initialized using 'CodeIgniter\Session\Handlers\FileHandler' driver.
INFO - 2025-03-19 12:41:20 --> Session: Class initialized using 'CodeIgniter\Session\Handlers\FileHandler' driver.
INFO - 2025-03-19 12:41:25 --> Session: Class initialized using 'CodeIgniter\Session\Handlers\FileHandler' driver.
INFO - 2025-03-19 12:41:28 --> Session: Class initialized using 'CodeIgniter\Session\Handlers\FileHandler' driver.
INFO - 2025-03-19 12:41:30 --> Session: Class initialized using 'CodeIgniter\Session\Handlers\FileHandler' driver.
INFO - 2025-03-19 12:41:40 --> Session: Class initialized using 'CodeIgniter\Session\Handlers\FileHandler' driver.
INFO - 2025-03-19 12:41:42 --> Session: Class initialized using 'CodeIgniter\Session\Handlers\FileHandler' driver.
INFO - 2025-03-19 12:41:47 --> Session: Class initialized using 'CodeIgniter\Session\Handlers\FileHandler' driver.
INFO - 2025-03-19 12:44:54 --> Session: Class initialized using 'CodeIgniter\Session\Handlers\FileHandler' driver.
INFO - 2025-03-19 13:06:05 --> Session: Class initialized using 'CodeIgniter\Session\Handlers\FileHandler' driver.
INFO - 2025-03-19 13:06:07 --> Session: Class initialized using 'CodeIgniter\Session\Handlers\FileHandler' driver.
CRITICAL - 2025-03-19 13:06:07 --> ErrorException: Undefined array key "katbiaytlKode"
[Method: GET, Route: pks/biayatidaklangsung]
in APPPATH\Controllers\pks\BiayaTidakLangsung.php on line 32.
 1 APPPATH\Controllers\pks\BiayaTidakLangsung.php(32): CodeIgniter\Debug\Exceptions->errorHandler(2, 'Undefined array key "katbiaytlKode"', 'D:\\Apps\\Xampp\\htdocs\\ksmard\\app\\Controllers\\pks\\BiayaTidakLangsung.php', 32)
 2 SYSTEMPATH\CodeIgniter.php(933): App\Controllers\Pks\BiayaTidakLangsung->index()
 3 SYSTEMPATH\CodeIgniter.php(509): CodeIgniter\CodeIgniter->runController(Object(App\Controllers\Pks\BiayaTidakLangsung))
 4 SYSTEMPATH\CodeIgniter.php(355): CodeIgniter\CodeIgniter->handleRequest(null, Object(Config\Cache), false)
 5 SYSTEMPATH\Boot.php(325): CodeIgniter\CodeIgniter->run()
 6 SYSTEMPATH\Boot.php(67): CodeIgniter\Boot::runCodeIgniter(Object(CodeIgniter\CodeIgniter))
 7 FCPATH\index.php(56): CodeIgniter\Boot::bootWeb(Object(Config\Paths))
INFO - 2025-03-19 13:06:31 --> Session: Class initialized using 'CodeIgniter\Session\Handlers\FileHandler' driver.
ERROR - 2025-03-19 13:06:32 --> mysqli_sql_exception: Unknown column 'ksmard_r_kat_biayatl_pks.katbiaytlKode' in 'on clause' in D:\Apps\Xampp\htdocs\ksmard\system\Database\MySQLi\Connection.php:312
Stack trace:
#0 D:\Apps\Xampp\htdocs\ksmard\system\Database\MySQLi\Connection.php(312): mysqli->query('SELECT COUNT(*)...', 0)
#1 D:\Apps\Xampp\htdocs\ksmard\system\Database\BaseConnection.php(734): CodeIgniter\Database\MySQLi\Connection->execute('SELECT COUNT(*)...')
#2 D:\Apps\Xampp\htdocs\ksmard\system\Database\BaseConnection.php(648): CodeIgniter\Database\BaseConnection->simpleQuery('SELECT COUNT(*)...')
#3 D:\Apps\Xampp\htdocs\ksmard\system\Database\BaseBuilder.php(1720): CodeIgniter\Database\BaseConnection->query('SELECT COUNT(*)...', Array, false)
#4 D:\Apps\Xampp\htdocs\ksmard\app\ThirdParty\codeigniter4-datatables\src\DataTableQuery.php(57): CodeIgniter\Database\BaseBuilder->countAllResults()
#5 D:\Apps\Xampp\htdocs\ksmard\app\ThirdParty\codeigniter4-datatables\src\DataTable.php(185): Hermawan\DataTables\DataTableQuery->countAll()
#6 D:\Apps\Xampp\htdocs\ksmard\app\Controllers\pks\BiayaTidakLangsung.php(62): Hermawan\DataTables\DataTable->toJson(true)
#7 D:\Apps\Xampp\htdocs\ksmard\system\CodeIgniter.php(933): App\Controllers\Pks\BiayaTidakLangsung->grid()
#8 D:\Apps\Xampp\htdocs\ksmard\system\CodeIgniter.php(509): CodeIgniter\CodeIgniter->runController(Object(App\Controllers\Pks\BiayaTidakLangsung))
#9 D:\Apps\Xampp\htdocs\ksmard\system\CodeIgniter.php(355): CodeIgniter\CodeIgniter->handleRequest(NULL, Object(Config\Cache), false)
#10 D:\Apps\Xampp\htdocs\ksmard\system\Boot.php(325): CodeIgniter\CodeIgniter->run()
#11 D:\Apps\Xampp\htdocs\ksmard\system\Boot.php(67): CodeIgniter\Boot::runCodeIgniter(Object(CodeIgniter\CodeIgniter))
#12 D:\Apps\Xampp\htdocs\ksmard\public\index.php(56): CodeIgniter\Boot::bootWeb(Object(Config\Paths))
#13 {main}
CRITICAL - 2025-03-19 13:06:32 --> CodeIgniter\Database\Exceptions\DatabaseException: Unknown column 'ksmard_r_kat_biayatl_pks.katbiaytlKode' in 'on clause'
[Method: GET, Route: pks/biayatidaklangsung/grid]
in SYSTEMPATH\Database\BaseConnection.php on line 688.
 1 SYSTEMPATH\Database\BaseBuilder.php(1720): CodeIgniter\Database\BaseConnection->query('SELECT COUNT(*) AS `numrows`
FROM `ksmard_t_biaya_tl_pks`
JOIN `ksmard_r_kat_biayatl_pks` ON `ksmard_r_kat_biayatl_pks`.`katbiaytlKode` = `ksmard_t_biaya_tl_pks`.`biaytlKatbiayKode`', [], false)
 2 APPPATH\ThirdParty\codeigniter4-datatables\src\DataTableQuery.php(57): CodeIgniter\Database\BaseBuilder->countAllResults()
 3 APPPATH\ThirdParty\codeigniter4-datatables\src\DataTable.php(185): Hermawan\DataTables\DataTableQuery->countAll()
 4 APPPATH\Controllers\pks\BiayaTidakLangsung.php(62): Hermawan\DataTables\DataTable->toJson(true)
 5 SYSTEMPATH\CodeIgniter.php(933): App\Controllers\Pks\BiayaTidakLangsung->grid()
 6 SYSTEMPATH\CodeIgniter.php(509): CodeIgniter\CodeIgniter->runController(Object(App\Controllers\Pks\BiayaTidakLangsung))
 7 SYSTEMPATH\CodeIgniter.php(355): CodeIgniter\CodeIgniter->handleRequest(null, Object(Config\Cache), false)
 8 SYSTEMPATH\Boot.php(325): CodeIgniter\CodeIgniter->run()
 9 SYSTEMPATH\Boot.php(67): CodeIgniter\Boot::runCodeIgniter(Object(CodeIgniter\CodeIgniter))
10 FCPATH\index.php(56): CodeIgniter\Boot::bootWeb(Object(Config\Paths))
CRITICAL - 2025-03-19 13:06:32 --> [Caused by] CodeIgniter\Database\Exceptions\DatabaseException: Unknown column 'ksmard_r_kat_biayatl_pks.katbiaytlKode' in 'on clause'
in SYSTEMPATH\Database\MySQLi\Connection.php on line 317.
 1 SYSTEMPATH\Database\BaseConnection.php(734): CodeIgniter\Database\MySQLi\Connection->execute('SELECT COUNT(*) AS `numrows`
FROM `ksmard_t_biaya_tl_pks`
JOIN `ksmard_r_kat_biayatl_pks` ON `ksmard_r_kat_biayatl_pks`.`katbiaytlKode` = `ksmard_t_biaya_tl_pks`.`biaytlKatbiayKode`')
 2 SYSTEMPATH\Database\BaseConnection.php(648): CodeIgniter\Database\BaseConnection->simpleQuery('SELECT COUNT(*) AS `numrows`
FROM `ksmard_t_biaya_tl_pks`
JOIN `ksmard_r_kat_biayatl_pks` ON `ksmard_r_kat_biayatl_pks`.`katbiaytlKode` = `ksmard_t_biaya_tl_pks`.`biaytlKatbiayKode`')
 3 SYSTEMPATH\Database\BaseBuilder.php(1720): CodeIgniter\Database\BaseConnection->query('SELECT COUNT(*) AS `numrows`
FROM `ksmard_t_biaya_tl_pks`
JOIN `ksmard_r_kat_biayatl_pks` ON `ksmard_r_kat_biayatl_pks`.`katbiaytlKode` = `ksmard_t_biaya_tl_pks`.`biaytlKatbiayKode`', [], false)
 4 APPPATH\ThirdParty\codeigniter4-datatables\src\DataTableQuery.php(57): CodeIgniter\Database\BaseBuilder->countAllResults()
 5 APPPATH\ThirdParty\codeigniter4-datatables\src\DataTable.php(185): Hermawan\DataTables\DataTableQuery->countAll()
 6 APPPATH\Controllers\pks\BiayaTidakLangsung.php(62): Hermawan\DataTables\DataTable->toJson(true)
 7 SYSTEMPATH\CodeIgniter.php(933): App\Controllers\Pks\BiayaTidakLangsung->grid()
 8 SYSTEMPATH\CodeIgniter.php(509): CodeIgniter\CodeIgniter->runController(Object(App\Controllers\Pks\BiayaTidakLangsung))
 9 SYSTEMPATH\CodeIgniter.php(355): CodeIgniter\CodeIgniter->handleRequest(null, Object(Config\Cache), false)
10 SYSTEMPATH\Boot.php(325): CodeIgniter\CodeIgniter->run()
11 SYSTEMPATH\Boot.php(67): CodeIgniter\Boot::runCodeIgniter(Object(CodeIgniter\CodeIgniter))
12 FCPATH\index.php(56): CodeIgniter\Boot::bootWeb(Object(Config\Paths))
CRITICAL - 2025-03-19 13:06:32 --> [Caused by] mysqli_sql_exception: Unknown column 'ksmard_r_kat_biayatl_pks.katbiaytlKode' in 'on clause'
in SYSTEMPATH\Database\MySQLi\Connection.php on line 312.
 1 SYSTEMPATH\Database\MySQLi\Connection.php(312): mysqli->query('SELECT COUNT(*) AS `numrows`
FROM `ksmard_t_biaya_tl_pks`
JOIN `ksmard_r_kat_biayatl_pks` ON `ksmard_r_kat_biayatl_pks`.`katbiaytlKode` = `ksmard_t_biaya_tl_pks`.`biaytlKatbiayKode`', 0)
 2 SYSTEMPATH\Database\BaseConnection.php(734): CodeIgniter\Database\MySQLi\Connection->execute('SELECT COUNT(*) AS `numrows`
FROM `ksmard_t_biaya_tl_pks`
JOIN `ksmard_r_kat_biayatl_pks` ON `ksmard_r_kat_biayatl_pks`.`katbiaytlKode` = `ksmard_t_biaya_tl_pks`.`biaytlKatbiayKode`')
 3 SYSTEMPATH\Database\BaseConnection.php(648): CodeIgniter\Database\BaseConnection->simpleQuery('SELECT COUNT(*) AS `numrows`
FROM `ksmard_t_biaya_tl_pks`
JOIN `ksmard_r_kat_biayatl_pks` ON `ksmard_r_kat_biayatl_pks`.`katbiaytlKode` = `ksmard_t_biaya_tl_pks`.`biaytlKatbiayKode`')
 4 SYSTEMPATH\Database\BaseBuilder.php(1720): CodeIgniter\Database\BaseConnection->query('SELECT COUNT(*) AS `numrows`
FROM `ksmard_t_biaya_tl_pks`
JOIN `ksmard_r_kat_biayatl_pks` ON `ksmard_r_kat_biayatl_pks`.`katbiaytlKode` = `ksmard_t_biaya_tl_pks`.`biaytlKatbiayKode`', [], false)
 5 APPPATH\ThirdParty\codeigniter4-datatables\src\DataTableQuery.php(57): CodeIgniter\Database\BaseBuilder->countAllResults()
 6 APPPATH\ThirdParty\codeigniter4-datatables\src\DataTable.php(185): Hermawan\DataTables\DataTableQuery->countAll()
 7 APPPATH\Controllers\pks\BiayaTidakLangsung.php(62): Hermawan\DataTables\DataTable->toJson(true)
 8 SYSTEMPATH\CodeIgniter.php(933): App\Controllers\Pks\BiayaTidakLangsung->grid()
 9 SYSTEMPATH\CodeIgniter.php(509): CodeIgniter\CodeIgniter->runController(Object(App\Controllers\Pks\BiayaTidakLangsung))
10 SYSTEMPATH\CodeIgniter.php(355): CodeIgniter\CodeIgniter->handleRequest(null, Object(Config\Cache), false)
11 SYSTEMPATH\Boot.php(325): CodeIgniter\CodeIgniter->run()
12 SYSTEMPATH\Boot.php(67): CodeIgniter\Boot::runCodeIgniter(Object(CodeIgniter\CodeIgniter))
13 FCPATH\index.php(56): CodeIgniter\Boot::bootWeb(Object(Config\Paths))
INFO - 2025-03-19 13:06:39 --> Session: Class initialized using 'CodeIgniter\Session\Handlers\FileHandler' driver.
ERROR - 2025-03-19 13:06:40 --> mysqli_sql_exception: Unknown column 'ksmard_r_kat_biayatl_pks.katbiaytlKode' in 'on clause' in D:\Apps\Xampp\htdocs\ksmard\system\Database\MySQLi\Connection.php:312
Stack trace:
#0 D:\Apps\Xampp\htdocs\ksmard\system\Database\MySQLi\Connection.php(312): mysqli->query('SELECT COUNT(*)...', 0)
#1 D:\Apps\Xampp\htdocs\ksmard\system\Database\BaseConnection.php(734): CodeIgniter\Database\MySQLi\Connection->execute('SELECT COUNT(*)...')
#2 D:\Apps\Xampp\htdocs\ksmard\system\Database\BaseConnection.php(648): CodeIgniter\Database\BaseConnection->simpleQuery('SELECT COUNT(*)...')
#3 D:\Apps\Xampp\htdocs\ksmard\system\Database\BaseBuilder.php(1720): CodeIgniter\Database\BaseConnection->query('SELECT COUNT(*)...', Array, false)
#4 D:\Apps\Xampp\htdocs\ksmard\app\ThirdParty\codeigniter4-datatables\src\DataTableQuery.php(57): CodeIgniter\Database\BaseBuilder->countAllResults()
#5 D:\Apps\Xampp\htdocs\ksmard\app\ThirdParty\codeigniter4-datatables\src\DataTable.php(185): Hermawan\DataTables\DataTableQuery->countAll()
#6 D:\Apps\Xampp\htdocs\ksmard\app\Controllers\pks\BiayaTidakLangsung.php(62): Hermawan\DataTables\DataTable->toJson(true)
#7 D:\Apps\Xampp\htdocs\ksmard\system\CodeIgniter.php(933): App\Controllers\Pks\BiayaTidakLangsung->grid()
#8 D:\Apps\Xampp\htdocs\ksmard\system\CodeIgniter.php(509): CodeIgniter\CodeIgniter->runController(Object(App\Controllers\Pks\BiayaTidakLangsung))
#9 D:\Apps\Xampp\htdocs\ksmard\system\CodeIgniter.php(355): CodeIgniter\CodeIgniter->handleRequest(NULL, Object(Config\Cache), false)
#10 D:\Apps\Xampp\htdocs\ksmard\system\Boot.php(325): CodeIgniter\CodeIgniter->run()
#11 D:\Apps\Xampp\htdocs\ksmard\system\Boot.php(67): CodeIgniter\Boot::runCodeIgniter(Object(CodeIgniter\CodeIgniter))
#12 D:\Apps\Xampp\htdocs\ksmard\public\index.php(56): CodeIgniter\Boot::bootWeb(Object(Config\Paths))
#13 {main}
CRITICAL - 2025-03-19 13:06:40 --> CodeIgniter\Database\Exceptions\DatabaseException: Unknown column 'ksmard_r_kat_biayatl_pks.katbiaytlKode' in 'on clause'
[Method: GET, Route: pks/biayatidaklangsung/grid]
in SYSTEMPATH\Database\BaseConnection.php on line 688.
 1 SYSTEMPATH\Database\BaseBuilder.php(1720): CodeIgniter\Database\BaseConnection->query('SELECT COUNT(*) AS `numrows`
FROM `ksmard_t_biaya_tl_pks`
JOIN `ksmard_r_kat_biayatl_pks` ON `ksmard_r_kat_biayatl_pks`.`katbiaytlKode` = `ksmard_t_biaya_tl_pks`.`biaytlKatbiayKode`', [], false)
 2 APPPATH\ThirdParty\codeigniter4-datatables\src\DataTableQuery.php(57): CodeIgniter\Database\BaseBuilder->countAllResults()
 3 APPPATH\ThirdParty\codeigniter4-datatables\src\DataTable.php(185): Hermawan\DataTables\DataTableQuery->countAll()
 4 APPPATH\Controllers\pks\BiayaTidakLangsung.php(62): Hermawan\DataTables\DataTable->toJson(true)
 5 SYSTEMPATH\CodeIgniter.php(933): App\Controllers\Pks\BiayaTidakLangsung->grid()
 6 SYSTEMPATH\CodeIgniter.php(509): CodeIgniter\CodeIgniter->runController(Object(App\Controllers\Pks\BiayaTidakLangsung))
 7 SYSTEMPATH\CodeIgniter.php(355): CodeIgniter\CodeIgniter->handleRequest(null, Object(Config\Cache), false)
 8 SYSTEMPATH\Boot.php(325): CodeIgniter\CodeIgniter->run()
 9 SYSTEMPATH\Boot.php(67): CodeIgniter\Boot::runCodeIgniter(Object(CodeIgniter\CodeIgniter))
10 FCPATH\index.php(56): CodeIgniter\Boot::bootWeb(Object(Config\Paths))
CRITICAL - 2025-03-19 13:06:40 --> [Caused by] CodeIgniter\Database\Exceptions\DatabaseException: Unknown column 'ksmard_r_kat_biayatl_pks.katbiaytlKode' in 'on clause'
in SYSTEMPATH\Database\MySQLi\Connection.php on line 317.
 1 SYSTEMPATH\Database\BaseConnection.php(734): CodeIgniter\Database\MySQLi\Connection->execute('SELECT COUNT(*) AS `numrows`
FROM `ksmard_t_biaya_tl_pks`
JOIN `ksmard_r_kat_biayatl_pks` ON `ksmard_r_kat_biayatl_pks`.`katbiaytlKode` = `ksmard_t_biaya_tl_pks`.`biaytlKatbiayKode`')
 2 SYSTEMPATH\Database\BaseConnection.php(648): CodeIgniter\Database\BaseConnection->simpleQuery('SELECT COUNT(*) AS `numrows`
FROM `ksmard_t_biaya_tl_pks`
JOIN `ksmard_r_kat_biayatl_pks` ON `ksmard_r_kat_biayatl_pks`.`katbiaytlKode` = `ksmard_t_biaya_tl_pks`.`biaytlKatbiayKode`')
 3 SYSTEMPATH\Database\BaseBuilder.php(1720): CodeIgniter\Database\BaseConnection->query('SELECT COUNT(*) AS `numrows`
FROM `ksmard_t_biaya_tl_pks`
JOIN `ksmard_r_kat_biayatl_pks` ON `ksmard_r_kat_biayatl_pks`.`katbiaytlKode` = `ksmard_t_biaya_tl_pks`.`biaytlKatbiayKode`', [], false)
 4 APPPATH\ThirdParty\codeigniter4-datatables\src\DataTableQuery.php(57): CodeIgniter\Database\BaseBuilder->countAllResults()
 5 APPPATH\ThirdParty\codeigniter4-datatables\src\DataTable.php(185): Hermawan\DataTables\DataTableQuery->countAll()
 6 APPPATH\Controllers\pks\BiayaTidakLangsung.php(62): Hermawan\DataTables\DataTable->toJson(true)
 7 SYSTEMPATH\CodeIgniter.php(933): App\Controllers\Pks\BiayaTidakLangsung->grid()
 8 SYSTEMPATH\CodeIgniter.php(509): CodeIgniter\CodeIgniter->runController(Object(App\Controllers\Pks\BiayaTidakLangsung))
 9 SYSTEMPATH\CodeIgniter.php(355): CodeIgniter\CodeIgniter->handleRequest(null, Object(Config\Cache), false)
10 SYSTEMPATH\Boot.php(325): CodeIgniter\CodeIgniter->run()
11 SYSTEMPATH\Boot.php(67): CodeIgniter\Boot::runCodeIgniter(Object(CodeIgniter\CodeIgniter))
12 FCPATH\index.php(56): CodeIgniter\Boot::bootWeb(Object(Config\Paths))
CRITICAL - 2025-03-19 13:06:40 --> [Caused by] mysqli_sql_exception: Unknown column 'ksmard_r_kat_biayatl_pks.katbiaytlKode' in 'on clause'
in SYSTEMPATH\Database\MySQLi\Connection.php on line 312.
 1 SYSTEMPATH\Database\MySQLi\Connection.php(312): mysqli->query('SELECT COUNT(*) AS `numrows`
FROM `ksmard_t_biaya_tl_pks`
JOIN `ksmard_r_kat_biayatl_pks` ON `ksmard_r_kat_biayatl_pks`.`katbiaytlKode` = `ksmard_t_biaya_tl_pks`.`biaytlKatbiayKode`', 0)
 2 SYSTEMPATH\Database\BaseConnection.php(734): CodeIgniter\Database\MySQLi\Connection->execute('SELECT COUNT(*) AS `numrows`
FROM `ksmard_t_biaya_tl_pks`
JOIN `ksmard_r_kat_biayatl_pks` ON `ksmard_r_kat_biayatl_pks`.`katbiaytlKode` = `ksmard_t_biaya_tl_pks`.`biaytlKatbiayKode`')
 3 SYSTEMPATH\Database\BaseConnection.php(648): CodeIgniter\Database\BaseConnection->simpleQuery('SELECT COUNT(*) AS `numrows`
FROM `ksmard_t_biaya_tl_pks`
JOIN `ksmard_r_kat_biayatl_pks` ON `ksmard_r_kat_biayatl_pks`.`katbiaytlKode` = `ksmard_t_biaya_tl_pks`.`biaytlKatbiayKode`')
 4 SYSTEMPATH\Database\BaseBuilder.php(1720): CodeIgniter\Database\BaseConnection->query('SELECT COUNT(*) AS `numrows`
FROM `ksmard_t_biaya_tl_pks`
JOIN `ksmard_r_kat_biayatl_pks` ON `ksmard_r_kat_biayatl_pks`.`katbiaytlKode` = `ksmard_t_biaya_tl_pks`.`biaytlKatbiayKode`', [], false)
 5 APPPATH\ThirdParty\codeigniter4-datatables\src\DataTableQuery.php(57): CodeIgniter\Database\BaseBuilder->countAllResults()
 6 APPPATH\ThirdParty\codeigniter4-datatables\src\DataTable.php(185): Hermawan\DataTables\DataTableQuery->countAll()
 7 APPPATH\Controllers\pks\BiayaTidakLangsung.php(62): Hermawan\DataTables\DataTable->toJson(true)
 8 SYSTEMPATH\CodeIgniter.php(933): App\Controllers\Pks\BiayaTidakLangsung->grid()
 9 SYSTEMPATH\CodeIgniter.php(509): CodeIgniter\CodeIgniter->runController(Object(App\Controllers\Pks\BiayaTidakLangsung))
10 SYSTEMPATH\CodeIgniter.php(355): CodeIgniter\CodeIgniter->handleRequest(null, Object(Config\Cache), false)
11 SYSTEMPATH\Boot.php(325): CodeIgniter\CodeIgniter->run()
12 SYSTEMPATH\Boot.php(67): CodeIgniter\Boot::runCodeIgniter(Object(CodeIgniter\CodeIgniter))
13 FCPATH\index.php(56): CodeIgniter\Boot::bootWeb(Object(Config\Paths))
INFO - 2025-03-19 13:07:13 --> Session: Class initialized using 'CodeIgniter\Session\Handlers\FileHandler' driver.
INFO - 2025-03-19 13:12:20 --> Session: Class initialized using 'CodeIgniter\Session\Handlers\FileHandler' driver.
INFO - 2025-03-19 13:13:42 --> Session: Class initialized using 'CodeIgniter\Session\Handlers\FileHandler' driver.
INFO - 2025-03-19 13:13:49 --> Session: Class initialized using 'CodeIgniter\Session\Handlers\FileHandler' driver.
INFO - 2025-03-19 13:14:14 --> Session: Class initialized using 'CodeIgniter\Session\Handlers\FileHandler' driver.
INFO - 2025-03-19 13:14:40 --> Session: Class initialized using 'CodeIgniter\Session\Handlers\FileHandler' driver.
INFO - 2025-03-19 13:27:13 --> Session: Class initialized using 'CodeIgniter\Session\Handlers\FileHandler' driver.
INFO - 2025-03-19 13:27:36 --> Session: Class initialized using 'CodeIgniter\Session\Handlers\FileHandler' driver.
INFO - 2025-03-19 13:28:21 --> Session: Class initialized using 'CodeIgniter\Session\Handlers\FileHandler' driver.
INFO - 2025-03-19 13:36:23 --> Session: Class initialized using 'CodeIgniter\Session\Handlers\FileHandler' driver.
INFO - 2025-03-19 13:36:25 --> Session: Class initialized using 'CodeIgniter\Session\Handlers\FileHandler' driver.
INFO - 2025-03-19 13:36:26 --> Session: Class initialized using 'CodeIgniter\Session\Handlers\FileHandler' driver.
INFO - 2025-03-19 13:36:27 --> Session: Class initialized using 'CodeIgniter\Session\Handlers\FileHandler' driver.
INFO - 2025-03-19 13:36:28 --> Session: Class initialized using 'CodeIgniter\Session\Handlers\FileHandler' driver.
INFO - 2025-03-19 13:36:30 --> Session: Class initialized using 'CodeIgniter\Session\Handlers\FileHandler' driver.
INFO - 2025-03-19 13:37:55 --> Session: Class initialized using 'CodeIgniter\Session\Handlers\FileHandler' driver.
INFO - 2025-03-19 13:40:19 --> Session: Class initialized using 'CodeIgniter\Session\Handlers\FileHandler' driver.
INFO - 2025-03-19 13:40:22 --> Session: Class initialized using 'CodeIgniter\Session\Handlers\FileHandler' driver.
INFO - 2025-03-19 13:40:34 --> Session: Class initialized using 'CodeIgniter\Session\Handlers\FileHandler' driver.
INFO - 2025-03-19 13:40:52 --> Session: Class initialized using 'CodeIgniter\Session\Handlers\FileHandler' driver.
INFO - 2025-03-19 13:40:56 --> Session: Class initialized using 'CodeIgniter\Session\Handlers\FileHandler' driver.
INFO - 2025-03-19 13:41:46 --> Session: Class initialized using 'CodeIgniter\Session\Handlers\FileHandler' driver.
INFO - 2025-03-19 13:41:52 --> Session: Class initialized using 'CodeIgniter\Session\Handlers\FileHandler' driver.
INFO - 2025-03-19 13:41:54 --> Session: Class initialized using 'CodeIgniter\Session\Handlers\FileHandler' driver.
INFO - 2025-03-19 13:41:56 --> Session: Class initialized using 'CodeIgniter\Session\Handlers\FileHandler' driver.
INFO - 2025-03-19 13:41:58 --> Session: Class initialized using 'CodeIgniter\Session\Handlers\FileHandler' driver.
INFO - 2025-03-19 13:42:00 --> Session: Class initialized using 'CodeIgniter\Session\Handlers\FileHandler' driver.
INFO - 2025-03-19 13:42:01 --> Session: Class initialized using 'CodeIgniter\Session\Handlers\FileHandler' driver.
INFO - 2025-03-19 13:42:03 --> Session: Class initialized using 'CodeIgniter\Session\Handlers\FileHandler' driver.
INFO - 2025-03-19 13:42:05 --> Session: Class initialized using 'CodeIgniter\Session\Handlers\FileHandler' driver.
INFO - 2025-03-19 13:42:07 --> Session: Class initialized using 'CodeIgniter\Session\Handlers\FileHandler' driver.
INFO - 2025-03-19 13:42:09 --> Session: Class initialized using 'CodeIgniter\Session\Handlers\FileHandler' driver.
INFO - 2025-03-19 13:42:11 --> Session: Class initialized using 'CodeIgniter\Session\Handlers\FileHandler' driver.
INFO - 2025-03-19 13:42:35 --> Session: Class initialized using 'CodeIgniter\Session\Handlers\FileHandler' driver.
INFO - 2025-03-19 13:42:37 --> Session: Class initialized using 'CodeIgniter\Session\Handlers\FileHandler' driver.
INFO - 2025-03-19 13:42:39 --> Session: Class initialized using 'CodeIgniter\Session\Handlers\FileHandler' driver.
INFO - 2025-03-19 13:42:53 --> Session: Class initialized using 'CodeIgniter\Session\Handlers\FileHandler' driver.
INFO - 2025-03-19 13:42:55 --> Session: Class initialized using 'CodeIgniter\Session\Handlers\FileHandler' driver.
INFO - 2025-03-19 13:42:57 --> Session: Class initialized using 'CodeIgniter\Session\Handlers\FileHandler' driver.
INFO - 2025-03-19 13:43:08 --> Session: Class initialized using 'CodeIgniter\Session\Handlers\FileHandler' driver.
INFO - 2025-03-19 13:43:58 --> Session: Class initialized using 'CodeIgniter\Session\Handlers\FileHandler' driver.
INFO - 2025-03-19 13:45:25 --> Session: Class initialized using 'CodeIgniter\Session\Handlers\FileHandler' driver.
INFO - 2025-03-19 13:45:30 --> Session: Class initialized using 'CodeIgniter\Session\Handlers\FileHandler' driver.
INFO - 2025-03-19 13:45:31 --> Session: Class initialized using 'CodeIgniter\Session\Handlers\FileHandler' driver.
INFO - 2025-03-19 13:45:33 --> Session: Class initialized using 'CodeIgniter\Session\Handlers\FileHandler' driver.
INFO - 2025-03-19 13:46:01 --> Session: Class initialized using 'CodeIgniter\Session\Handlers\FileHandler' driver.
INFO - 2025-03-19 13:46:03 --> Session: Class initialized using 'CodeIgniter\Session\Handlers\FileHandler' driver.
INFO - 2025-03-19 13:46:05 --> Session: Class initialized using 'CodeIgniter\Session\Handlers\FileHandler' driver.
INFO - 2025-03-19 13:46:07 --> Session: Class initialized using 'CodeIgniter\Session\Handlers\FileHandler' driver.
INFO - 2025-03-19 13:46:23 --> Session: Class initialized using 'CodeIgniter\Session\Handlers\FileHandler' driver.
INFO - 2025-03-19 13:48:08 --> Session: Class initialized using 'CodeIgniter\Session\Handlers\FileHandler' driver.
INFO - 2025-03-19 13:48:15 --> Session: Class initialized using 'CodeIgniter\Session\Handlers\FileHandler' driver.
INFO - 2025-03-19 13:48:18 --> Session: Class initialized using 'CodeIgniter\Session\Handlers\FileHandler' driver.
INFO - 2025-03-19 13:48:22 --> Session: Class initialized using 'CodeIgniter\Session\Handlers\FileHandler' driver.
INFO - 2025-03-19 13:49:31 --> Session: Class initialized using 'CodeIgniter\Session\Handlers\FileHandler' driver.
INFO - 2025-03-19 13:49:34 --> Session: Class initialized using 'CodeIgniter\Session\Handlers\FileHandler' driver.
INFO - 2025-03-19 13:49:39 --> Session: Class initialized using 'CodeIgniter\Session\Handlers\FileHandler' driver.
INFO - 2025-03-19 13:49:57 --> Session: Class initialized using 'CodeIgniter\Session\Handlers\FileHandler' driver.
INFO - 2025-03-19 13:50:00 --> Session: Class initialized using 'CodeIgniter\Session\Handlers\FileHandler' driver.
INFO - 2025-03-19 13:50:12 --> Session: Class initialized using 'CodeIgniter\Session\Handlers\FileHandler' driver.
INFO - 2025-03-19 14:04:06 --> Session: Class initialized using 'CodeIgniter\Session\Handlers\FileHandler' driver.
INFO - 2025-03-19 14:04:10 --> Session: Class initialized using 'CodeIgniter\Session\Handlers\FileHandler' driver.
INFO - 2025-03-19 14:04:54 --> Session: Class initialized using 'CodeIgniter\Session\Handlers\FileHandler' driver.
INFO - 2025-03-19 14:05:28 --> Session: Class initialized using 'CodeIgniter\Session\Handlers\FileHandler' driver.
INFO - 2025-03-19 14:05:32 --> Session: Class initialized using 'CodeIgniter\Session\Handlers\FileHandler' driver.
INFO - 2025-03-19 14:07:01 --> Session: Class initialized using 'CodeIgniter\Session\Handlers\FileHandler' driver.
INFO - 2025-03-19 14:07:57 --> Session: Class initialized using 'CodeIgniter\Session\Handlers\FileHandler' driver.
INFO - 2025-03-19 14:07:58 --> Session: Class initialized using 'CodeIgniter\Session\Handlers\FileHandler' driver.
INFO - 2025-03-19 14:08:03 --> Session: Class initialized using 'CodeIgniter\Session\Handlers\FileHandler' driver.
INFO - 2025-03-19 14:08:04 --> Session: Class initialized using 'CodeIgniter\Session\Handlers\FileHandler' driver.
INFO - 2025-03-19 14:08:08 --> Session: Class initialized using 'CodeIgniter\Session\Handlers\FileHandler' driver.
INFO - 2025-03-19 14:17:32 --> Session: Class initialized using 'CodeIgniter\Session\Handlers\FileHandler' driver.
INFO - 2025-03-19 14:17:35 --> Session: Class initialized using 'CodeIgniter\Session\Handlers\FileHandler' driver.
INFO - 2025-03-19 14:17:39 --> Session: Class initialized using 'CodeIgniter\Session\Handlers\FileHandler' driver.
INFO - 2025-03-19 14:19:08 --> Session: Class initialized using 'CodeIgniter\Session\Handlers\FileHandler' driver.
INFO - 2025-03-19 14:19:36 --> Session: Class initialized using 'CodeIgniter\Session\Handlers\FileHandler' driver.
INFO - 2025-03-19 14:19:40 --> Session: Class initialized using 'CodeIgniter\Session\Handlers\FileHandler' driver.
INFO - 2025-03-19 14:19:57 --> Session: Class initialized using 'CodeIgniter\Session\Handlers\FileHandler' driver.
INFO - 2025-03-19 14:20:04 --> Session: Class initialized using 'CodeIgniter\Session\Handlers\FileHandler' driver.
INFO - 2025-03-19 14:20:07 --> Session: Class initialized using 'CodeIgniter\Session\Handlers\FileHandler' driver.
INFO - 2025-03-19 14:20:10 --> Session: Class initialized using 'CodeIgniter\Session\Handlers\FileHandler' driver.
INFO - 2025-03-19 14:20:25 --> Session: Class initialized using 'CodeIgniter\Session\Handlers\FileHandler' driver.
INFO - 2025-03-19 14:21:49 --> Session: Class initialized using 'CodeIgniter\Session\Handlers\FileHandler' driver.
INFO - 2025-03-19 14:23:07 --> Session: Class initialized using 'CodeIgniter\Session\Handlers\FileHandler' driver.
INFO - 2025-03-19 14:23:26 --> Session: Class initialized using 'CodeIgniter\Session\Handlers\FileHandler' driver.
INFO - 2025-03-19 14:23:47 --> Session: Class initialized using 'CodeIgniter\Session\Handlers\FileHandler' driver.
INFO - 2025-03-19 14:24:09 --> Session: Class initialized using 'CodeIgniter\Session\Handlers\FileHandler' driver.
INFO - 2025-03-19 14:24:34 --> Session: Class initialized using 'CodeIgniter\Session\Handlers\FileHandler' driver.
INFO - 2025-03-19 14:25:35 --> Session: Class initialized using 'CodeIgniter\Session\Handlers\FileHandler' driver.
INFO - 2025-03-19 14:25:55 --> Session: Class initialized using 'CodeIgniter\Session\Handlers\FileHandler' driver.
INFO - 2025-03-19 14:26:08 --> Session: Class initialized using 'CodeIgniter\Session\Handlers\FileHandler' driver.
INFO - 2025-03-19 14:26:57 --> Session: Class initialized using 'CodeIgniter\Session\Handlers\FileHandler' driver.
INFO - 2025-03-19 14:33:39 --> Session: Class initialized using 'CodeIgniter\Session\Handlers\FileHandler' driver.
CRITICAL - 2025-03-19 14:37:31 --> ArgumentCountError: floatval() expects exactly 1 argument, 2 given
[Method: POST, Route: pks/pelaporan/rekap]
in APPPATH\Controllers\pks\Pelaporan.php on line 227.
 1 APPPATH\Controllers\pks\Pelaporan.php(227): floatval(79.53986002463105, 2)
 2 SYSTEMPATH\CodeIgniter.php(933): App\Controllers\Pks\Pelaporan->rekap()
 3 SYSTEMPATH\CodeIgniter.php(509): CodeIgniter\CodeIgniter->runController(Object(App\Controllers\Pks\Pelaporan))
 4 SYSTEMPATH\CodeIgniter.php(355): CodeIgniter\CodeIgniter->handleRequest(null, Object(Config\Cache), false)
 5 SYSTEMPATH\Boot.php(325): CodeIgniter\CodeIgniter->run()
 6 SYSTEMPATH\Boot.php(67): CodeIgniter\Boot::runCodeIgniter(Object(CodeIgniter\CodeIgniter))
 7 FCPATH\index.php(56): CodeIgniter\Boot::bootWeb(Object(Config\Paths))
CRITICAL - 2025-03-19 14:37:33 --> ArgumentCountError: floatval() expects exactly 1 argument, 2 given
[Method: POST, Route: pks/pelaporan/rekap]
in APPPATH\Controllers\pks\Pelaporan.php on line 227.
 1 APPPATH\Controllers\pks\Pelaporan.php(227): floatval(79.53986002463105, 2)
 2 SYSTEMPATH\CodeIgniter.php(933): App\Controllers\Pks\Pelaporan->rekap()
 3 SYSTEMPATH\CodeIgniter.php(509): CodeIgniter\CodeIgniter->runController(Object(App\Controllers\Pks\Pelaporan))
 4 SYSTEMPATH\CodeIgniter.php(355): CodeIgniter\CodeIgniter->handleRequest(null, Object(Config\Cache), false)
 5 SYSTEMPATH\Boot.php(325): CodeIgniter\CodeIgniter->run()
 6 SYSTEMPATH\Boot.php(67): CodeIgniter\Boot::runCodeIgniter(Object(CodeIgniter\CodeIgniter))
 7 FCPATH\index.php(56): CodeIgniter\Boot::bootWeb(Object(Config\Paths))
CRITICAL - 2025-03-19 14:37:47 --> ArgumentCountError: floatval() expects exactly 1 argument, 2 given
[Method: POST, Route: pks/pelaporan/rekap]
in APPPATH\Controllers\pks\Pelaporan.php on line 227.
 1 APPPATH\Controllers\pks\Pelaporan.php(227): floatval(79.53986002463105, 2)
 2 SYSTEMPATH\CodeIgniter.php(933): App\Controllers\Pks\Pelaporan->rekap()
 3 SYSTEMPATH\CodeIgniter.php(509): CodeIgniter\CodeIgniter->runController(Object(App\Controllers\Pks\Pelaporan))
 4 SYSTEMPATH\CodeIgniter.php(355): CodeIgniter\CodeIgniter->handleRequest(null, Object(Config\Cache), false)
 5 SYSTEMPATH\Boot.php(325): CodeIgniter\CodeIgniter->run()
 6 SYSTEMPATH\Boot.php(67): CodeIgniter\Boot::runCodeIgniter(Object(CodeIgniter\CodeIgniter))
 7 FCPATH\index.php(56): CodeIgniter\Boot::bootWeb(Object(Config\Paths))
CRITICAL - 2025-03-19 14:37:49 --> ArgumentCountError: floatval() expects exactly 1 argument, 2 given
[Method: POST, Route: pks/pelaporan/rekap]
in APPPATH\Controllers\pks\Pelaporan.php on line 227.
 1 APPPATH\Controllers\pks\Pelaporan.php(227): floatval(79.53986002463105, 2)
 2 SYSTEMPATH\CodeIgniter.php(933): App\Controllers\Pks\Pelaporan->rekap()
 3 SYSTEMPATH\CodeIgniter.php(509): CodeIgniter\CodeIgniter->runController(Object(App\Controllers\Pks\Pelaporan))
 4 SYSTEMPATH\CodeIgniter.php(355): CodeIgniter\CodeIgniter->handleRequest(null, Object(Config\Cache), false)
 5 SYSTEMPATH\Boot.php(325): CodeIgniter\CodeIgniter->run()
 6 SYSTEMPATH\Boot.php(67): CodeIgniter\Boot::runCodeIgniter(Object(CodeIgniter\CodeIgniter))
 7 FCPATH\index.php(56): CodeIgniter\Boot::bootWeb(Object(Config\Paths))
INFO - 2025-03-19 14:37:58 --> Session: Class initialized using 'CodeIgniter\Session\Handlers\FileHandler' driver.
CRITICAL - 2025-03-19 14:38:02 --> ArgumentCountError: floatval() expects exactly 1 argument, 2 given
[Method: POST, Route: pks/pelaporan/rekap]
in APPPATH\Controllers\pks\Pelaporan.php on line 227.
 1 APPPATH\Controllers\pks\Pelaporan.php(227): floatval(79.53986002463105, 2)
 2 SYSTEMPATH\CodeIgniter.php(933): App\Controllers\Pks\Pelaporan->rekap()
 3 SYSTEMPATH\CodeIgniter.php(509): CodeIgniter\CodeIgniter->runController(Object(App\Controllers\Pks\Pelaporan))
 4 SYSTEMPATH\CodeIgniter.php(355): CodeIgniter\CodeIgniter->handleRequest(null, Object(Config\Cache), false)
 5 SYSTEMPATH\Boot.php(325): CodeIgniter\CodeIgniter->run()
 6 SYSTEMPATH\Boot.php(67): CodeIgniter\Boot::runCodeIgniter(Object(CodeIgniter\CodeIgniter))
 7 FCPATH\index.php(56): CodeIgniter\Boot::bootWeb(Object(Config\Paths))
INFO - 2025-03-19 14:39:13 --> Session: Class initialized using 'CodeIgniter\Session\Handlers\FileHandler' driver.
INFO - 2025-03-19 14:39:42 --> Session: Class initialized using 'CodeIgniter\Session\Handlers\FileHandler' driver.
INFO - 2025-03-19 14:39:59 --> Session: Class initialized using 'CodeIgniter\Session\Handlers\FileHandler' driver.
INFO - 2025-03-19 14:41:02 --> Session: Class initialized using 'CodeIgniter\Session\Handlers\FileHandler' driver.
