INFO - 2025-07-16 07:30:51 --> 1
INFO - 2025-07-16 07:30:51 --> Session: Class initialized using 'CodeIgniter\Session\Handlers\FileHandler' driver.
INFO - 2025-07-16 07:30:52 --> 78.68
INFO - 2025-07-16 07:30:59 --> Array
(
    [indeks_k] => 1
    [indeks_k_percentage] => 78,68
)

INFO - 2025-07-16 07:30:59 --> 1
INFO - 2025-07-16 07:30:59 --> 78,68
INFO - 2025-07-16 07:30:59 --> 1
INFO - 2025-07-16 07:30:59 --> aman
INFO - 2025-07-16 07:31:32 --> 18
INFO - 2025-07-16 07:31:32 --> Session: Class initialized using 'CodeIgniter\Session\Handlers\FileHandler' driver.
CRITICAL - 2025-07-16 07:31:32 --> DivisionByZeroError: Division by zero
[Method: POST, Route: pks/pelaporan/rekap]
in APPPATH\Controllers\pks\Pelaporan.php on line 206.
 1 SYSTEMPATH\CodeIgniter.php(933): App\Controllers\Pks\Pelaporan->rekap()
 2 SYSTEMPATH\CodeIgniter.php(509): CodeIgniter\CodeIgniter->runController(Object(App\Controllers\Pks\Pelaporan))
 3 SYSTEMPATH\CodeIgniter.php(355): CodeIgniter\CodeIgniter->handleRequest(null, Object(Config\Cache), false)
 4 SYSTEMPATH\Boot.php(325): CodeIgniter\CodeIgniter->run()
 5 SYSTEMPATH\Boot.php(67): CodeIgniter\Boot::runCodeIgniter(Object(CodeIgniter\CodeIgniter))
 6 FCPATH\index.php(56): CodeIgniter\Boot::bootWeb(Object(Config\Paths))
INFO - 2025-07-16 07:31:34 --> 18
INFO - 2025-07-16 07:31:34 --> Session: Class initialized using 'CodeIgniter\Session\Handlers\FileHandler' driver.
CRITICAL - 2025-07-16 07:31:34 --> DivisionByZeroError: Division by zero
[Method: POST, Route: pks/pelaporan/rekap]
in APPPATH\Controllers\pks\Pelaporan.php on line 206.
 1 SYSTEMPATH\CodeIgniter.php(933): App\Controllers\Pks\Pelaporan->rekap()
 2 SYSTEMPATH\CodeIgniter.php(509): CodeIgniter\CodeIgniter->runController(Object(App\Controllers\Pks\Pelaporan))
 3 SYSTEMPATH\CodeIgniter.php(355): CodeIgniter\CodeIgniter->handleRequest(null, Object(Config\Cache), false)
 4 SYSTEMPATH\Boot.php(325): CodeIgniter\CodeIgniter->run()
 5 SYSTEMPATH\Boot.php(67): CodeIgniter\Boot::runCodeIgniter(Object(CodeIgniter\CodeIgniter))
 6 FCPATH\index.php(56): CodeIgniter\Boot::bootWeb(Object(Config\Paths))
INFO - 2025-07-16 07:31:34 --> 18
INFO - 2025-07-16 07:31:34 --> Session: Class initialized using 'CodeIgniter\Session\Handlers\FileHandler' driver.
CRITICAL - 2025-07-16 07:31:34 --> DivisionByZeroError: Division by zero
[Method: POST, Route: pks/pelaporan/rekap]
in APPPATH\Controllers\pks\Pelaporan.php on line 206.
 1 SYSTEMPATH\CodeIgniter.php(933): App\Controllers\Pks\Pelaporan->rekap()
 2 SYSTEMPATH\CodeIgniter.php(509): CodeIgniter\CodeIgniter->runController(Object(App\Controllers\Pks\Pelaporan))
 3 SYSTEMPATH\CodeIgniter.php(355): CodeIgniter\CodeIgniter->handleRequest(null, Object(Config\Cache), false)
 4 SYSTEMPATH\Boot.php(325): CodeIgniter\CodeIgniter->run()
 5 SYSTEMPATH\Boot.php(67): CodeIgniter\Boot::runCodeIgniter(Object(CodeIgniter\CodeIgniter))
 6 FCPATH\index.php(56): CodeIgniter\Boot::bootWeb(Object(Config\Paths))
INFO - 2025-07-16 07:31:42 --> 19
INFO - 2025-07-16 07:31:42 --> Session: Class initialized using 'CodeIgniter\Session\Handlers\FileHandler' driver.
INFO - 2025-07-16 07:31:42 --> 81.2
INFO - 2025-07-16 07:31:43 --> 19
INFO - 2025-07-16 07:31:43 --> Session: Class initialized using 'CodeIgniter\Session\Handlers\FileHandler' driver.
INFO - 2025-07-16 07:31:44 --> 81.2
INFO - 2025-07-16 07:31:59 --> 20
INFO - 2025-07-16 07:31:59 --> Session: Class initialized using 'CodeIgniter\Session\Handlers\FileHandler' driver.
INFO - 2025-07-16 07:31:59 --> 81.2
INFO - 2025-07-16 07:32:08 --> 21
INFO - 2025-07-16 07:32:08 --> Session: Class initialized using 'CodeIgniter\Session\Handlers\FileHandler' driver.
INFO - 2025-07-16 07:32:08 --> 81.13
INFO - 2025-07-16 07:32:13 --> Session: Class initialized using 'CodeIgniter\Session\Handlers\FileHandler' driver.
INFO - 2025-07-16 07:32:13 --> Session: Class initialized using 'CodeIgniter\Session\Handlers\FileHandler' driver.
INFO - 2025-07-16 07:32:13 --> KALSEL
INFO - 2025-07-16 07:32:31 --> Session: Class initialized using 'CodeIgniter\Session\Handlers\FileHandler' driver.
INFO - 2025-07-16 07:32:31 --> ABS
INFO - 2025-07-16 07:32:43 --> 18
INFO - 2025-07-16 07:32:43 --> Session: Class initialized using 'CodeIgniter\Session\Handlers\FileHandler' driver.
CRITICAL - 2025-07-16 07:32:43 --> DivisionByZeroError: Division by zero
[Method: POST, Route: pks/pelaporan/rekap]
in APPPATH\Controllers\pks\Pelaporan.php on line 206.
 1 SYSTEMPATH\CodeIgniter.php(933): App\Controllers\Pks\Pelaporan->rekap()
 2 SYSTEMPATH\CodeIgniter.php(509): CodeIgniter\CodeIgniter->runController(Object(App\Controllers\Pks\Pelaporan))
 3 SYSTEMPATH\CodeIgniter.php(355): CodeIgniter\CodeIgniter->handleRequest(null, Object(Config\Cache), false)
 4 SYSTEMPATH\Boot.php(325): CodeIgniter\CodeIgniter->run()
 5 SYSTEMPATH\Boot.php(67): CodeIgniter\Boot::runCodeIgniter(Object(CodeIgniter\CodeIgniter))
 6 FCPATH\index.php(56): CodeIgniter\Boot::bootWeb(Object(Config\Paths))
INFO - 2025-07-16 07:32:44 --> 18
INFO - 2025-07-16 07:32:44 --> Session: Class initialized using 'CodeIgniter\Session\Handlers\FileHandler' driver.
CRITICAL - 2025-07-16 07:32:44 --> DivisionByZeroError: Division by zero
[Method: POST, Route: pks/pelaporan/rekap]
in APPPATH\Controllers\pks\Pelaporan.php on line 206.
 1 SYSTEMPATH\CodeIgniter.php(933): App\Controllers\Pks\Pelaporan->rekap()
 2 SYSTEMPATH\CodeIgniter.php(509): CodeIgniter\CodeIgniter->runController(Object(App\Controllers\Pks\Pelaporan))
 3 SYSTEMPATH\CodeIgniter.php(355): CodeIgniter\CodeIgniter->handleRequest(null, Object(Config\Cache), false)
 4 SYSTEMPATH\Boot.php(325): CodeIgniter\CodeIgniter->run()
 5 SYSTEMPATH\Boot.php(67): CodeIgniter\Boot::runCodeIgniter(Object(CodeIgniter\CodeIgniter))
 6 FCPATH\index.php(56): CodeIgniter\Boot::bootWeb(Object(Config\Paths))
INFO - 2025-07-16 07:32:44 --> 18
INFO - 2025-07-16 07:32:44 --> Session: Class initialized using 'CodeIgniter\Session\Handlers\FileHandler' driver.
CRITICAL - 2025-07-16 07:32:44 --> DivisionByZeroError: Division by zero
[Method: POST, Route: pks/pelaporan/rekap]
in APPPATH\Controllers\pks\Pelaporan.php on line 206.
 1 SYSTEMPATH\CodeIgniter.php(933): App\Controllers\Pks\Pelaporan->rekap()
 2 SYSTEMPATH\CodeIgniter.php(509): CodeIgniter\CodeIgniter->runController(Object(App\Controllers\Pks\Pelaporan))
 3 SYSTEMPATH\CodeIgniter.php(355): CodeIgniter\CodeIgniter->handleRequest(null, Object(Config\Cache), false)
 4 SYSTEMPATH\Boot.php(325): CodeIgniter\CodeIgniter->run()
 5 SYSTEMPATH\Boot.php(67): CodeIgniter\Boot::runCodeIgniter(Object(CodeIgniter\CodeIgniter))
 6 FCPATH\index.php(56): CodeIgniter\Boot::bootWeb(Object(Config\Paths))
INFO - 2025-07-16 07:32:44 --> 18
INFO - 2025-07-16 07:32:44 --> Session: Class initialized using 'CodeIgniter\Session\Handlers\FileHandler' driver.
CRITICAL - 2025-07-16 07:32:44 --> DivisionByZeroError: Division by zero
[Method: POST, Route: pks/pelaporan/rekap]
in APPPATH\Controllers\pks\Pelaporan.php on line 206.
 1 SYSTEMPATH\CodeIgniter.php(933): App\Controllers\Pks\Pelaporan->rekap()
 2 SYSTEMPATH\CodeIgniter.php(509): CodeIgniter\CodeIgniter->runController(Object(App\Controllers\Pks\Pelaporan))
 3 SYSTEMPATH\CodeIgniter.php(355): CodeIgniter\CodeIgniter->handleRequest(null, Object(Config\Cache), false)
 4 SYSTEMPATH\Boot.php(325): CodeIgniter\CodeIgniter->run()
 5 SYSTEMPATH\Boot.php(67): CodeIgniter\Boot::runCodeIgniter(Object(CodeIgniter\CodeIgniter))
 6 FCPATH\index.php(56): CodeIgniter\Boot::bootWeb(Object(Config\Paths))
INFO - 2025-07-16 07:32:45 --> 18
INFO - 2025-07-16 07:32:45 --> Session: Class initialized using 'CodeIgniter\Session\Handlers\FileHandler' driver.
CRITICAL - 2025-07-16 07:32:45 --> DivisionByZeroError: Division by zero
[Method: POST, Route: pks/pelaporan/rekap]
in APPPATH\Controllers\pks\Pelaporan.php on line 206.
 1 SYSTEMPATH\CodeIgniter.php(933): App\Controllers\Pks\Pelaporan->rekap()
 2 SYSTEMPATH\CodeIgniter.php(509): CodeIgniter\CodeIgniter->runController(Object(App\Controllers\Pks\Pelaporan))
 3 SYSTEMPATH\CodeIgniter.php(355): CodeIgniter\CodeIgniter->handleRequest(null, Object(Config\Cache), false)
 4 SYSTEMPATH\Boot.php(325): CodeIgniter\CodeIgniter->run()
 5 SYSTEMPATH\Boot.php(67): CodeIgniter\Boot::runCodeIgniter(Object(CodeIgniter\CodeIgniter))
 6 FCPATH\index.php(56): CodeIgniter\Boot::bootWeb(Object(Config\Paths))
INFO - 2025-07-16 07:32:45 --> 18
INFO - 2025-07-16 07:32:45 --> Session: Class initialized using 'CodeIgniter\Session\Handlers\FileHandler' driver.
CRITICAL - 2025-07-16 07:32:45 --> DivisionByZeroError: Division by zero
[Method: POST, Route: pks/pelaporan/rekap]
in APPPATH\Controllers\pks\Pelaporan.php on line 206.
 1 SYSTEMPATH\CodeIgniter.php(933): App\Controllers\Pks\Pelaporan->rekap()
 2 SYSTEMPATH\CodeIgniter.php(509): CodeIgniter\CodeIgniter->runController(Object(App\Controllers\Pks\Pelaporan))
 3 SYSTEMPATH\CodeIgniter.php(355): CodeIgniter\CodeIgniter->handleRequest(null, Object(Config\Cache), false)
 4 SYSTEMPATH\Boot.php(325): CodeIgniter\CodeIgniter->run()
 5 SYSTEMPATH\Boot.php(67): CodeIgniter\Boot::runCodeIgniter(Object(CodeIgniter\CodeIgniter))
 6 FCPATH\index.php(56): CodeIgniter\Boot::bootWeb(Object(Config\Paths))
INFO - 2025-07-16 07:32:58 --> Session: Class initialized using 'CodeIgniter\Session\Handlers\FileHandler' driver.
INFO - 2025-07-16 07:33:07 --> Session: Class initialized using 'CodeIgniter\Session\Handlers\FileHandler' driver.
INFO - 2025-07-16 07:33:07 --> dinaskalsel
INFO - 2025-07-16 07:33:08 --> Session: Class initialized using 'CodeIgniter\Session\Handlers\FileHandler' driver.
INFO - 2025-07-16 07:33:08 --> Session: Class initialized using 'CodeIgniter\Session\Handlers\FileHandler' driver.
DEBUG - 2025-07-16 07:33:08 --> Array
(
    [0] => Array
        (
            [kmtIndkKode] => 1
            [indkIndeksK] => 78.68
            [indkPksKode] => ABS
            [pksNama] => ABS Innovations
            [indkKode] => 1
        )

)

INFO - 2025-07-16 07:33:20 --> Session: Class initialized using 'CodeIgniter\Session\Handlers\FileHandler' driver.
DEBUG - 2025-07-16 07:33:20 --> Array
(
    [0] => Array
        (
            [kmtIndkKode] => 18
            [indkIndeksK] => 44.12
            [indkPksKode] => ABS
            [pksNama] => ABS Innovations
            [indkKode] => 18
        )

)

INFO - 2025-07-16 07:33:22 --> Session: Class initialized using 'CodeIgniter\Session\Handlers\FileHandler' driver.
DEBUG - 2025-07-16 07:33:22 --> Array
(
    [0] => Array
        (
            [kmtIndkKode] => 18
            [indkIndeksK] => 44.12
            [indkPksKode] => ABS
            [pksNama] => ABS Innovations
            [indkKode] => 18
        )

)

INFO - 2025-07-16 07:33:55 --> Session: Class initialized using 'CodeIgniter\Session\Handlers\FileHandler' driver.
INFO - 2025-07-16 07:33:56 --> Session: Class initialized using 'CodeIgniter\Session\Handlers\FileHandler' driver.
INFO - 2025-07-16 07:33:56 --> KALSEL
INFO - 2025-07-16 07:34:35 --> Session: Class initialized using 'CodeIgniter\Session\Handlers\FileHandler' driver.
INFO - 2025-07-16 07:34:39 --> Session: Class initialized using 'CodeIgniter\Session\Handlers\FileHandler' driver.
DEBUG - 2025-07-16 07:34:41 --> 18
DEBUG - 2025-07-16 07:34:41 --> 18
DEBUG - 2025-07-16 07:34:50 --> 1
DEBUG - 2025-07-16 07:34:50 --> 1
DEBUG - 2025-07-16 07:34:50 --> 1
DEBUG - 2025-07-16 07:34:50 --> 1
DEBUG - 2025-07-16 07:35:00 --> 18
DEBUG - 2025-07-16 07:35:00 --> 18
DEBUG - 2025-07-16 07:35:00 --> 18
DEBUG - 2025-07-16 07:35:00 --> 18
DEBUG - 2025-07-16 07:35:13 --> 1
DEBUG - 2025-07-16 07:35:13 --> 1
DEBUG - 2025-07-16 07:35:13 --> 1
DEBUG - 2025-07-16 07:35:13 --> 1
DEBUG - 2025-07-16 07:35:33 --> 18
DEBUG - 2025-07-16 07:35:33 --> 18
DEBUG - 2025-07-16 07:35:33 --> 18
DEBUG - 2025-07-16 07:35:33 --> 18
DEBUG - 2025-07-16 07:35:53 --> 18
DEBUG - 2025-07-16 07:35:53 --> 18
INFO - 2025-07-16 07:35:57 --> Session: Class initialized using 'CodeIgniter\Session\Handlers\FileHandler' driver.
INFO - 2025-07-16 07:35:57 --> ABS
INFO - 2025-07-16 07:36:03 --> 18
INFO - 2025-07-16 07:36:03 --> Session: Class initialized using 'CodeIgniter\Session\Handlers\FileHandler' driver.
INFO - 2025-07-16 07:36:03 --> 44.12
INFO - 2025-07-16 07:36:39 --> Array
(
    [indeks_k] => 18
    [indeks_k_percentage] => 44,12
)

INFO - 2025-07-16 07:36:39 --> 18
INFO - 2025-07-16 07:36:39 --> 44,12
INFO - 2025-07-16 07:36:39 --> 18
INFO - 2025-07-16 07:36:39 --> aman
INFO - 2025-07-16 07:36:44 --> Session: Class initialized using 'CodeIgniter\Session\Handlers\FileHandler' driver.
INFO - 2025-07-16 07:36:45 --> Session: Class initialized using 'CodeIgniter\Session\Handlers\FileHandler' driver.
INFO - 2025-07-16 07:36:45 --> KALSEL
INFO - 2025-07-16 07:37:07 --> Session: Class initialized using 'CodeIgniter\Session\Handlers\FileHandler' driver.
INFO - 2025-07-16 07:37:08 --> Session: Class initialized using 'CodeIgniter\Session\Handlers\FileHandler' driver.
INFO - 2025-07-16 07:37:08 --> KALSEL
INFO - 2025-07-16 07:37:10 --> Session: Class initialized using 'CodeIgniter\Session\Handlers\FileHandler' driver.
INFO - 2025-07-16 07:37:10 --> ABS
INFO - 2025-07-16 07:37:16 --> 20
INFO - 2025-07-16 07:37:16 --> Session: Class initialized using 'CodeIgniter\Session\Handlers\FileHandler' driver.
INFO - 2025-07-16 07:37:17 --> 81.2
INFO - 2025-07-16 07:37:22 --> Array
(
    [indeks_k] => 20
    [indeks_k_percentage] => 81,20
)

INFO - 2025-07-16 07:37:22 --> 20
INFO - 2025-07-16 07:37:22 --> 81,20
CRITICAL - 2025-07-16 07:37:22 --> CodeIgniter\Database\Exceptions\DataException: There is no data to update.
[Method: POST, Route: pks/pelaporan/kirim]
in SYSTEMPATH\BaseModel.php on line 1833.
 1 SYSTEMPATH\BaseModel.php(1833): CodeIgniter\Database\Exceptions\DataException::forEmptyDataset('update')
 2 SYSTEMPATH\BaseModel.php(997): CodeIgniter\BaseModel->transformDataToArray(null, 'update')
 3 SYSTEMPATH\Model.php(865): CodeIgniter\BaseModel->update([...], null)
 4 APPPATH\Controllers\pks\Pelaporan.php(135): CodeIgniter\Model->update([...])
 5 SYSTEMPATH\CodeIgniter.php(933): App\Controllers\Pks\Pelaporan->kirim()
 6 SYSTEMPATH\CodeIgniter.php(509): CodeIgniter\CodeIgniter->runController(Object(App\Controllers\Pks\Pelaporan))
 7 SYSTEMPATH\CodeIgniter.php(355): CodeIgniter\CodeIgniter->handleRequest(null, Object(Config\Cache), false)
 8 SYSTEMPATH\Boot.php(325): CodeIgniter\CodeIgniter->run()
 9 SYSTEMPATH\Boot.php(67): CodeIgniter\Boot::runCodeIgniter(Object(CodeIgniter\CodeIgniter))
10 FCPATH\index.php(56): CodeIgniter\Boot::bootWeb(Object(Config\Paths))
INFO - 2025-07-16 07:37:30 --> Session: Class initialized using 'CodeIgniter\Session\Handlers\FileHandler' driver.
INFO - 2025-07-16 07:37:30 --> ABS
INFO - 2025-07-16 07:37:35 --> Session: Class initialized using 'CodeIgniter\Session\Handlers\FileHandler' driver.
INFO - 2025-07-16 07:37:36 --> Session: Class initialized using 'CodeIgniter\Session\Handlers\FileHandler' driver.
INFO - 2025-07-16 07:37:36 --> KALSEL
INFO - 2025-07-16 07:39:28 --> Session: Class initialized using 'CodeIgniter\Session\Handlers\FileHandler' driver.
INFO - 2025-07-16 07:39:28 --> ABS
INFO - 2025-07-16 07:39:35 --> 18
INFO - 2025-07-16 07:39:35 --> Session: Class initialized using 'CodeIgniter\Session\Handlers\FileHandler' driver.
INFO - 2025-07-16 07:39:35 --> 44.12
INFO - 2025-07-16 07:39:40 --> Array
(
    [indeks_k] => 18
    [indeks_k_percentage] => 44,12
)

INFO - 2025-07-16 07:39:40 --> 18
INFO - 2025-07-16 07:39:40 --> 44,12
INFO - 2025-07-16 07:39:40 --> 18
INFO - 2025-07-16 07:39:41 --> aman
INFO - 2025-07-16 07:39:47 --> 20
INFO - 2025-07-16 07:39:47 --> Session: Class initialized using 'CodeIgniter\Session\Handlers\FileHandler' driver.
INFO - 2025-07-16 07:39:47 --> 81.2
INFO - 2025-07-16 07:39:51 --> Array
(
    [indeks_k] => 20
    [indeks_k_percentage] => 81,20
)

INFO - 2025-07-16 07:39:51 --> 20
INFO - 2025-07-16 07:39:51 --> 81,20
INFO - 2025-07-16 07:39:51 --> 20
INFO - 2025-07-16 07:39:51 --> aman
INFO - 2025-07-16 07:39:54 --> Session: Class initialized using 'CodeIgniter\Session\Handlers\FileHandler' driver.
INFO - 2025-07-16 07:39:55 --> Session: Class initialized using 'CodeIgniter\Session\Handlers\FileHandler' driver.
INFO - 2025-07-16 07:39:55 --> KALSEL
INFO - 2025-07-16 07:40:31 --> Session: Class initialized using 'CodeIgniter\Session\Handlers\FileHandler' driver.
INFO - 2025-07-16 07:40:31 --> KALSEL
INFO - 2025-07-16 07:40:37 --> Session: Class initialized using 'CodeIgniter\Session\Handlers\FileHandler' driver.
DEBUG - 2025-07-16 07:40:38 --> 20
DEBUG - 2025-07-16 07:40:38 --> 20
INFO - 2025-07-16 07:40:47 --> Session: Class initialized using 'CodeIgniter\Session\Handlers\FileHandler' driver.
INFO - 2025-07-16 07:40:48 --> Session: Class initialized using 'CodeIgniter\Session\Handlers\FileHandler' driver.
INFO - 2025-07-16 07:40:48 --> KALSEL
INFO - 2025-07-16 07:40:52 --> Session: Class initialized using 'CodeIgniter\Session\Handlers\FileHandler' driver.
INFO - 2025-07-16 07:40:52 --> ABS
INFO - 2025-07-16 07:41:03 --> 21
INFO - 2025-07-16 07:41:03 --> Session: Class initialized using 'CodeIgniter\Session\Handlers\FileHandler' driver.
INFO - 2025-07-16 07:41:03 --> 21
INFO - 2025-07-16 07:41:03 --> Session: Class initialized using 'CodeIgniter\Session\Handlers\FileHandler' driver.
INFO - 2025-07-16 07:41:03 --> 81.13
INFO - 2025-07-16 07:41:03 --> 81.13
INFO - 2025-07-16 07:41:16 --> 1
INFO - 2025-07-16 07:41:16 --> Session: Class initialized using 'CodeIgniter\Session\Handlers\FileHandler' driver.
INFO - 2025-07-16 07:41:16 --> 78.68
INFO - 2025-07-16 07:41:21 --> Array
(
    [indeks_k] => 1
    [indeks_k_percentage] => 78,68
)

INFO - 2025-07-16 07:41:21 --> 1
INFO - 2025-07-16 07:41:21 --> 78,68
INFO - 2025-07-16 07:41:21 --> 1
INFO - 2025-07-16 07:41:21 --> aman
INFO - 2025-07-16 07:41:39 --> Session: Class initialized using 'CodeIgniter\Session\Handlers\FileHandler' driver.
INFO - 2025-07-16 07:41:40 --> Session: Class initialized using 'CodeIgniter\Session\Handlers\FileHandler' driver.
DEBUG - 2025-07-16 07:41:40 --> Array
(
    [0] => Array
        (
            [kmtIndkKode] => 1
            [indkIndeksK] => 78.68
            [indkPksKode] => ABS
            [pksNama] => ABS Innovations
            [indkKode] => 1
        )

)

INFO - 2025-07-16 07:41:44 --> Session: Class initialized using 'CodeIgniter\Session\Handlers\FileHandler' driver.
INFO - 2025-07-16 07:41:44 --> Array
(
    [title] => PERUSAHAAN
    [periode] => 1
)

INFO - 2025-07-16 07:41:45 --> Array
(
    [periode] => 1
)

INFO - 2025-07-16 07:41:45 --> Session: Class initialized using 'CodeIgniter\Session\Handlers\FileHandler' driver.
INFO - 2025-07-16 07:41:45 --> Array
(
    [title] => PERUSAHAAN
    [periode] => images
)

DEBUG - 2025-07-16 07:41:45 --> Array
(
    [0] => Array
        (
            [kmtStatus] => pending
        )

    [1] => Array
        (
            [kmtStatus] => diterima
        )

    [2] => Array
        (
            [kmtStatus] => diterima
        )

    [3] => Array
        (
            [kmtStatus] => diterima
        )

    [4] => Array
        (
            [kmtStatus] => diterima
        )

    [5] => Array
        (
            [kmtStatus] => diterima
        )

    [6] => Array
        (
            [kmtStatus] => diterima
        )

    [7] => Array
        (
            [kmtStatus] => diterima
        )

    [8] => Array
        (
            [kmtStatus] => diterima
        )

    [9] => Array
        (
            [kmtStatus] => diterima
        )

    [10] => Array
        (
            [kmtStatus] => diterima
        )

    [11] => Array
        (
            [kmtStatus] => diterima
        )

    [12] => Array
        (
            [kmtStatus] => diterima
        )

    [13] => Array
        (
            [kmtStatus] => diterima
        )

    [14] => Array
        (
            [kmtStatus] => diterima
        )

)

INFO - 2025-07-16 07:42:02 --> Array
(
    [kodeKomen] => 31
)

INFO - 2025-07-16 07:42:02 --> Array
(
    [kmtKomen] => 
    [kmtStatus] => pending
    [kmtKode] => 31
)

INFO - 2025-07-16 07:42:11 --> Array
(
    [periode] => 1
)

DEBUG - 2025-07-16 07:42:11 --> Array
(
    [0] => Array
        (
            [kmtStatus] => diterima
        )

    [1] => Array
        (
            [kmtStatus] => diterima
        )

    [2] => Array
        (
            [kmtStatus] => diterima
        )

    [3] => Array
        (
            [kmtStatus] => diterima
        )

    [4] => Array
        (
            [kmtStatus] => diterima
        )

    [5] => Array
        (
            [kmtStatus] => diterima
        )

    [6] => Array
        (
            [kmtStatus] => diterima
        )

    [7] => Array
        (
            [kmtStatus] => diterima
        )

    [8] => Array
        (
            [kmtStatus] => diterima
        )

    [9] => Array
        (
            [kmtStatus] => diterima
        )

    [10] => Array
        (
            [kmtStatus] => diterima
        )

    [11] => Array
        (
            [kmtStatus] => diterima
        )

    [12] => Array
        (
            [kmtStatus] => diterima
        )

    [13] => Array
        (
            [kmtStatus] => diterima
        )

    [14] => Array
        (
            [kmtStatus] => diterima
        )

)

INFO - 2025-07-16 07:42:16 --> Session: Class initialized using 'CodeIgniter\Session\Handlers\FileHandler' driver.
INFO - 2025-07-16 07:42:17 --> Session: Class initialized using 'CodeIgniter\Session\Handlers\FileHandler' driver.
DEBUG - 2025-07-16 07:42:17 --> Array
(
    [0] => Array
        (
            [kmtIndkKode] => 1
            [indkIndeksK] => 78.68
            [indkPksKode] => ABS
            [pksNama] => ABS Innovations
            [indkKode] => 1
        )

)

INFO - 2025-07-16 07:42:24 --> Session: Class initialized using 'CodeIgniter\Session\Handlers\FileHandler' driver.
DEBUG - 2025-07-16 07:42:24 --> Array
(
    [0] => Array
        (
            [kmtIndkKode] => 19
            [indkIndeksK] => 81.2
            [indkPksKode] => ABS
            [pksNama] => ABS Innovations
            [indkKode] => 19
        )

    [1] => Array
        (
            [kmtIndkKode] => 44
            [indkIndeksK] => 80.95
            [indkPksKode] => ATA
            [pksNama] => Alam Tri Abadi
            [indkKode] => 44
        )

    [2] => Array
        (
            [kmtIndkKode] => 45
            [indkIndeksK] => 83.05
            [indkPksKode] => AAS
            [pksNama] => Argo Astra Lestari
            [indkKode] => 45
        )

)

INFO - 2025-07-16 07:42:37 --> Session: Class initialized using 'CodeIgniter\Session\Handlers\FileHandler' driver.
INFO - 2025-07-16 07:42:37 --> ABS
INFO - 2025-07-16 07:42:42 --> Session: Class initialized using 'CodeIgniter\Session\Handlers\FileHandler' driver.
INFO - 2025-07-16 07:42:43 --> Session: Class initialized using 'CodeIgniter\Session\Handlers\FileHandler' driver.
INFO - 2025-07-16 07:42:43 --> KALSEL
INFO - 2025-07-16 08:56:59 --> Session: Class initialized using 'CodeIgniter\Session\Handlers\FileHandler' driver.
INFO - 2025-07-16 08:57:00 --> Session: Class initialized using 'CodeIgniter\Session\Handlers\FileHandler' driver.
INFO - 2025-07-16 08:57:00 --> KALSEL
INFO - 2025-07-16 08:57:03 --> Session: Class initialized using 'CodeIgniter\Session\Handlers\FileHandler' driver.
INFO - 2025-07-16 08:57:04 --> Session: Class initialized using 'CodeIgniter\Session\Handlers\FileHandler' driver.
INFO - 2025-07-16 08:57:32 --> Session: Class initialized using 'CodeIgniter\Session\Handlers\FileHandler' driver.
INFO - 2025-07-16 08:57:32 --> abs
INFO - 2025-07-16 08:57:32 --> Session: Class initialized using 'CodeIgniter\Session\Handlers\FileHandler' driver.
INFO - 2025-07-16 08:57:40 --> Session: Class initialized using 'CodeIgniter\Session\Handlers\FileHandler' driver.
INFO - 2025-07-16 08:57:40 --> ABS
INFO - 2025-07-16 08:57:45 --> 20
INFO - 2025-07-16 08:57:45 --> Session: Class initialized using 'CodeIgniter\Session\Handlers\FileHandler' driver.
INFO - 2025-07-16 08:57:45 --> 81.2
INFO - 2025-07-16 08:57:52 --> Session: Class initialized using 'CodeIgniter\Session\Handlers\FileHandler' driver.
INFO - 2025-07-16 08:57:53 --> Session: Class initialized using 'CodeIgniter\Session\Handlers\FileHandler' driver.
INFO - 2025-07-16 08:58:02 --> Session: Class initialized using 'CodeIgniter\Session\Handlers\FileHandler' driver.
INFO - 2025-07-16 08:58:02 --> dinaskalsel
INFO - 2025-07-16 08:58:02 --> Session: Class initialized using 'CodeIgniter\Session\Handlers\FileHandler' driver.
INFO - 2025-07-16 08:58:03 --> Session: Class initialized using 'CodeIgniter\Session\Handlers\FileHandler' driver.
DEBUG - 2025-07-16 08:58:03 --> Array
(
    [0] => Array
        (
            [kmtIndkKode] => 1
            [indkIndeksK] => 78.68
            [indkPksKode] => ABS
            [pksNama] => ABS Innovations
            [indkKode] => 1
        )

)

INFO - 2025-07-16 08:58:06 --> Session: Class initialized using 'CodeIgniter\Session\Handlers\FileHandler' driver.
INFO - 2025-07-16 08:58:06 --> Array
(
    [title] => PERUSAHAAN
    [periode] => 1
)

INFO - 2025-07-16 08:58:06 --> Array
(
    [periode] => 1
)

DEBUG - 2025-07-16 08:58:06 --> Array
(
    [0] => Array
        (
            [kmtStatus] => diterima
        )

    [1] => Array
        (
            [kmtStatus] => diterima
        )

    [2] => Array
        (
            [kmtStatus] => diterima
        )

    [3] => Array
        (
            [kmtStatus] => diterima
        )

    [4] => Array
        (
            [kmtStatus] => diterima
        )

    [5] => Array
        (
            [kmtStatus] => diterima
        )

    [6] => Array
        (
            [kmtStatus] => diterima
        )

    [7] => Array
        (
            [kmtStatus] => diterima
        )

    [8] => Array
        (
            [kmtStatus] => diterima
        )

    [9] => Array
        (
            [kmtStatus] => diterima
        )

    [10] => Array
        (
            [kmtStatus] => diterima
        )

    [11] => Array
        (
            [kmtStatus] => diterima
        )

    [12] => Array
        (
            [kmtStatus] => diterima
        )

    [13] => Array
        (
            [kmtStatus] => diterima
        )

    [14] => Array
        (
            [kmtStatus] => diterima
        )

)

INFO - 2025-07-16 08:58:07 --> Session: Class initialized using 'CodeIgniter\Session\Handlers\FileHandler' driver.
INFO - 2025-07-16 08:58:07 --> Array
(
    [title] => PERUSAHAAN
    [periode] => images
)

INFO - 2025-07-16 08:58:10 --> Session: Class initialized using 'CodeIgniter\Session\Handlers\FileHandler' driver.
INFO - 2025-07-16 08:58:10 --> KALSEL
INFO - 2025-07-16 08:58:12 --> Session: Class initialized using 'CodeIgniter\Session\Handlers\FileHandler' driver.
INFO - 2025-07-16 08:58:13 --> Session: Class initialized using 'CodeIgniter\Session\Handlers\FileHandler' driver.
DEBUG - 2025-07-16 08:58:13 --> Array
(
    [0] => Array
        (
            [kmtIndkKode] => 1
            [indkIndeksK] => 78.68
            [indkPksKode] => ABS
            [pksNama] => ABS Innovations
            [indkKode] => 1
        )

)

INFO - 2025-07-16 08:58:19 --> Session: Class initialized using 'CodeIgniter\Session\Handlers\FileHandler' driver.
DEBUG - 2025-07-16 08:58:19 --> Array
(
    [0] => Array
        (
            [kmtIndkKode] => 20
            [indkIndeksK] => 81.2
            [indkPksKode] => ABS
            [pksNama] => ABS Innovations
            [indkKode] => 20
        )

)

INFO - 2025-07-16 08:58:22 --> Session: Class initialized using 'CodeIgniter\Session\Handlers\FileHandler' driver.
DEBUG - 2025-07-16 08:58:22 --> Array
(
    [0] => Array
        (
            [kmtIndkKode] => 19
            [indkIndeksK] => 81.2
            [indkPksKode] => ABS
            [pksNama] => ABS Innovations
            [indkKode] => 19
        )

    [1] => Array
        (
            [kmtIndkKode] => 44
            [indkIndeksK] => 80.95
            [indkPksKode] => ATA
            [pksNama] => Alam Tri Abadi
            [indkKode] => 44
        )

    [2] => Array
        (
            [kmtIndkKode] => 45
            [indkIndeksK] => 83.05
            [indkPksKode] => AAS
            [pksNama] => Argo Astra Lestari
            [indkKode] => 45
        )

)

INFO - 2025-07-16 08:58:28 --> Session: Class initialized using 'CodeIgniter\Session\Handlers\FileHandler' driver.
INFO - 2025-07-16 08:58:28 --> Array
(
    [title] => PERUSAHAAN
    [periode] => 19
)

INFO - 2025-07-16 08:58:28 --> Array
(
    [periode] => 19
)

DEBUG - 2025-07-16 08:58:28 --> Array
(
    [0] => Array
        (
            [kmtStatus] => pending
        )

    [1] => Array
        (
            [kmtStatus] => pending
        )

    [2] => Array
        (
            [kmtStatus] => pending
        )

    [3] => Array
        (
            [kmtStatus] => pending
        )

    [4] => Array
        (
            [kmtStatus] => pending
        )

    [5] => Array
        (
            [kmtStatus] => pending
        )

    [6] => Array
        (
            [kmtStatus] => pending
        )

    [7] => Array
        (
            [kmtStatus] => pending
        )

    [8] => Array
        (
            [kmtStatus] => pending
        )

    [9] => Array
        (
            [kmtStatus] => pending
        )

    [10] => Array
        (
            [kmtStatus] => pending
        )

    [11] => Array
        (
            [kmtStatus] => pending
        )

    [12] => Array
        (
            [kmtStatus] => pending
        )

    [13] => Array
        (
            [kmtStatus] => pending
        )

    [14] => Array
        (
            [kmtStatus] => pending
        )

)

INFO - 2025-07-16 08:58:36 --> Session: Class initialized using 'CodeIgniter\Session\Handlers\FileHandler' driver.
INFO - 2025-07-16 08:58:36 --> Session: Class initialized using 'CodeIgniter\Session\Handlers\FileHandler' driver.
INFO - 2025-07-16 09:06:07 --> Session: Class initialized using 'CodeIgniter\Session\Handlers\FileHandler' driver.
INFO - 2025-07-16 09:06:07 --> abs
INFO - 2025-07-16 09:06:11 --> Session: Class initialized using 'CodeIgniter\Session\Handlers\FileHandler' driver.
INFO - 2025-07-16 09:07:33 --> Session: Class initialized using 'CodeIgniter\Session\Handlers\FileHandler' driver.
INFO - 2025-07-16 09:07:33 --> ABS
INFO - 2025-07-16 09:07:54 --> 19
INFO - 2025-07-16 09:07:54 --> Session: Class initialized using 'CodeIgniter\Session\Handlers\FileHandler' driver.
INFO - 2025-07-16 09:07:55 --> 81.2
INFO - 2025-07-16 09:08:44 --> Session: Class initialized using 'CodeIgniter\Session\Handlers\FileHandler' driver.
INFO - 2025-07-16 09:11:33 --> Session: Class initialized using 'CodeIgniter\Session\Handlers\FileHandler' driver.
INFO - 2025-07-16 09:12:08 --> Session: Class initialized using 'CodeIgniter\Session\Handlers\FileHandler' driver.
INFO - 2025-07-16 09:13:43 --> Session: Class initialized using 'CodeIgniter\Session\Handlers\FileHandler' driver.
DEBUG - 2025-07-16 09:13:46 --> 19
DEBUG - 2025-07-16 09:13:46 --> 19
INFO - 2025-07-16 09:14:58 --> Session: Class initialized using 'CodeIgniter\Session\Handlers\FileHandler' driver.
DEBUG - 2025-07-16 09:14:58 --> 19
DEBUG - 2025-07-16 09:14:58 --> 19
INFO - 2025-07-16 09:15:23 --> Session: Class initialized using 'CodeIgniter\Session\Handlers\FileHandler' driver.
INFO - 2025-07-16 09:15:23 --> ABS
INFO - 2025-07-16 09:15:27 --> 19
INFO - 2025-07-16 09:15:27 --> Session: Class initialized using 'CodeIgniter\Session\Handlers\FileHandler' driver.
INFO - 2025-07-16 09:15:27 --> 81.2
INFO - 2025-07-16 09:16:34 --> Session: Class initialized using 'CodeIgniter\Session\Handlers\FileHandler' driver.
INFO - 2025-07-16 09:16:34 --> Session: Class initialized using 'CodeIgniter\Session\Handlers\FileHandler' driver.
INFO - 2025-07-16 09:16:46 --> Session: Class initialized using 'CodeIgniter\Session\Handlers\FileHandler' driver.
INFO - 2025-07-16 09:16:46 --> dinaskalsel
INFO - 2025-07-16 09:16:46 --> Session: Class initialized using 'CodeIgniter\Session\Handlers\FileHandler' driver.
INFO - 2025-07-16 09:16:46 --> Session: Class initialized using 'CodeIgniter\Session\Handlers\FileHandler' driver.
DEBUG - 2025-07-16 09:16:46 --> Array
(
    [0] => Array
        (
            [kmtIndkKode] => 1
            [indkIndeksK] => 78.68
            [indkPksKode] => ABS
            [pksNama] => ABS Innovations
            [indkKode] => 1
        )

)

INFO - 2025-07-16 09:16:54 --> Session: Class initialized using 'CodeIgniter\Session\Handlers\FileHandler' driver.
DEBUG - 2025-07-16 09:16:54 --> Array
(
    [0] => Array
        (
            [kmtIndkKode] => 19
            [indkIndeksK] => 81.2
            [indkPksKode] => ABS
            [pksNama] => ABS Innovations
            [indkKode] => 19
        )

    [1] => Array
        (
            [kmtIndkKode] => 44
            [indkIndeksK] => 80.95
            [indkPksKode] => ATA
            [pksNama] => Alam Tri Abadi
            [indkKode] => 44
        )

    [2] => Array
        (
            [kmtIndkKode] => 45
            [indkIndeksK] => 83.05
            [indkPksKode] => AAS
            [pksNama] => Argo Astra Lestari
            [indkKode] => 45
        )

)

INFO - 2025-07-16 09:17:03 --> Session: Class initialized using 'CodeIgniter\Session\Handlers\FileHandler' driver.
INFO - 2025-07-16 09:17:03 --> Array
(
    [title] => PERUSAHAAN
    [periode] => 19
)

INFO - 2025-07-16 09:17:04 --> Array
(
    [periode] => 19
)

DEBUG - 2025-07-16 09:17:04 --> Array
(
    [0] => Array
        (
            [kmtStatus] => pending
        )

    [1] => Array
        (
            [kmtStatus] => pending
        )

    [2] => Array
        (
            [kmtStatus] => pending
        )

    [3] => Array
        (
            [kmtStatus] => pending
        )

    [4] => Array
        (
            [kmtStatus] => pending
        )

    [5] => Array
        (
            [kmtStatus] => pending
        )

    [6] => Array
        (
            [kmtStatus] => pending
        )

    [7] => Array
        (
            [kmtStatus] => pending
        )

    [8] => Array
        (
            [kmtStatus] => pending
        )

    [9] => Array
        (
            [kmtStatus] => pending
        )

    [10] => Array
        (
            [kmtStatus] => pending
        )

    [11] => Array
        (
            [kmtStatus] => pending
        )

    [12] => Array
        (
            [kmtStatus] => pending
        )

    [13] => Array
        (
            [kmtStatus] => pending
        )

    [14] => Array
        (
            [kmtStatus] => pending
        )

)

INFO - 2025-07-16 09:17:16 --> Array
(
    [kodeKomen] => 61
)

INFO - 2025-07-16 09:17:16 --> Array
(
    [kmtKomen] => 
    [kmtStatus] => pending
    [kmtKode] => 61
)

INFO - 2025-07-16 09:17:52 --> Session: Class initialized using 'CodeIgniter\Session\Handlers\FileHandler' driver.
INFO - 2025-07-16 09:17:52 --> Session: Class initialized using 'CodeIgniter\Session\Handlers\FileHandler' driver.
INFO - 2025-07-16 09:17:58 --> Session: Class initialized using 'CodeIgniter\Session\Handlers\FileHandler' driver.
INFO - 2025-07-16 09:17:58 --> abs
INFO - 2025-07-16 09:17:58 --> Session: Class initialized using 'CodeIgniter\Session\Handlers\FileHandler' driver.
INFO - 2025-07-16 09:18:59 --> Session: Class initialized using 'CodeIgniter\Session\Handlers\FileHandler' driver.
INFO - 2025-07-16 09:18:59 --> ABS
INFO - 2025-07-16 09:19:04 --> 19
INFO - 2025-07-16 09:19:04 --> Session: Class initialized using 'CodeIgniter\Session\Handlers\FileHandler' driver.
INFO - 2025-07-16 09:19:04 --> 81.2
INFO - 2025-07-16 09:24:04 --> 19
INFO - 2025-07-16 09:24:04 --> Session: Class initialized using 'CodeIgniter\Session\Handlers\FileHandler' driver.
INFO - 2025-07-16 09:24:04 --> 81.2
INFO - 2025-07-16 09:26:17 --> Session: Class initialized using 'CodeIgniter\Session\Handlers\FileHandler' driver.
INFO - 2025-07-16 09:26:17 --> ABS
INFO - 2025-07-16 09:26:22 --> 19
INFO - 2025-07-16 09:26:22 --> Session: Class initialized using 'CodeIgniter\Session\Handlers\FileHandler' driver.
INFO - 2025-07-16 09:26:22 --> 81.2
INFO - 2025-07-16 09:27:31 --> Session: Class initialized using 'CodeIgniter\Session\Handlers\FileHandler' driver.
INFO - 2025-07-16 09:27:40 --> Session: Class initialized using 'CodeIgniter\Session\Handlers\FileHandler' driver.
INFO - 2025-07-16 09:27:40 --> ABS
INFO - 2025-07-16 09:27:44 --> 19
INFO - 2025-07-16 09:27:44 --> Session: Class initialized using 'CodeIgniter\Session\Handlers\FileHandler' driver.
INFO - 2025-07-16 09:27:44 --> 81.2
INFO - 2025-07-16 09:27:56 --> Session: Class initialized using 'CodeIgniter\Session\Handlers\FileHandler' driver.
INFO - 2025-07-16 09:28:31 --> Session: Class initialized using 'CodeIgniter\Session\Handlers\FileHandler' driver.
INFO - 2025-07-16 09:28:31 --> ABS
INFO - 2025-07-16 09:28:33 --> 19
INFO - 2025-07-16 09:28:33 --> Session: Class initialized using 'CodeIgniter\Session\Handlers\FileHandler' driver.
INFO - 2025-07-16 09:28:33 --> -682.6
INFO - 2025-07-16 09:30:00 --> Session: Class initialized using 'CodeIgniter\Session\Handlers\FileHandler' driver.
INFO - 2025-07-16 09:30:07 --> Session: Class initialized using 'CodeIgniter\Session\Handlers\FileHandler' driver.
INFO - 2025-07-16 09:30:07 --> ABS
INFO - 2025-07-16 09:30:10 --> 19
INFO - 2025-07-16 09:30:10 --> Session: Class initialized using 'CodeIgniter\Session\Handlers\FileHandler' driver.
INFO - 2025-07-16 09:30:10 --> 81.2
INFO - 2025-07-16 09:31:48 --> Session: Class initialized using 'CodeIgniter\Session\Handlers\FileHandler' driver.
DEBUG - 2025-07-16 09:31:49 --> 19
DEBUG - 2025-07-16 09:31:49 --> 19
INFO - 2025-07-16 09:32:59 --> Session: Class initialized using 'CodeIgniter\Session\Handlers\FileHandler' driver.
INFO - 2025-07-16 09:36:16 --> Session: Class initialized using 'CodeIgniter\Session\Handlers\FileHandler' driver.
DEBUG - 2025-07-16 09:36:16 --> 19
DEBUG - 2025-07-16 09:36:16 --> 19
INFO - 2025-07-16 09:59:58 --> Session: Class initialized using 'CodeIgniter\Session\Handlers\FileHandler' driver.
INFO - 2025-07-16 09:59:58 --> ABS
INFO - 2025-07-16 10:00:03 --> 19
INFO - 2025-07-16 10:00:03 --> Session: Class initialized using 'CodeIgniter\Session\Handlers\FileHandler' driver.
INFO - 2025-07-16 10:00:03 --> 81.2
INFO - 2025-07-16 23:58:36 --> Session: Class initialized using 'CodeIgniter\Session\Handlers\FileHandler' driver.
INFO - 2025-07-16 23:58:37 --> Session: Class initialized using 'CodeIgniter\Session\Handlers\FileHandler' driver.
INFO - 2025-07-16 23:58:43 --> Session: Class initialized using 'CodeIgniter\Session\Handlers\FileHandler' driver.
INFO - 2025-07-16 23:58:43 --> abs
INFO - 2025-07-16 23:58:44 --> Session: Class initialized using 'CodeIgniter\Session\Handlers\FileHandler' driver.
INFO - 2025-07-16 23:58:50 --> Session: Class initialized using 'CodeIgniter\Session\Handlers\FileHandler' driver.
DEBUG - 2025-07-16 23:58:50 --> 1
DEBUG - 2025-07-16 23:58:50 --> 1
